ARM GAS  C:\Users\SORA\AppData\Local\Temp\ccdhblIP.s 			page 1


   1              		.cpu cortex-m4
   2              		.eabi_attribute 27, 1
   3              		.eabi_attribute 28, 1
   4              		.eabi_attribute 20, 1
   5              		.eabi_attribute 21, 1
   6              		.eabi_attribute 23, 3
   7              		.eabi_attribute 24, 1
   8              		.eabi_attribute 25, 1
   9              		.eabi_attribute 26, 1
  10              		.eabi_attribute 30, 6
  11              		.eabi_attribute 34, 1
  12              		.eabi_attribute 18, 4
  13              		.file	"uart_at.c"
  14              		.text
  15              	.Ltext0:
  16              		.cfi_sections	.debug_frame
  17              		.comm	uart_at,120,4
  18              		.section	.data.s_pUSART,"aw"
  19              		.align	2
  22              	s_pUSART:
  23 0000 00800040 		.word	1073774592
  24              		.section	.data.s_uwIRQn,"aw"
  25              		.align	2
  28              	s_uwIRQn:
  29 0000 46000000 		.word	70
  30              		.section	.bss.g_atio_cb,"aw",%nobits
  31              		.align	2
  34              	g_atio_cb:
  35 0000 00000000 		.space	4148
  35      00000000 
  35      00000000 
  35      00000000 
  35      00000000 
  36              		.section	.text.atio_irq,"ax",%progbits
  37              		.align	1
  38              		.arch armv7e-m
  39              		.syntax unified
  40              		.thumb
  41              		.thumb_func
  42              		.fpu fpv4-sp-d16
  44              	atio_irq:
  45              	.LFB287:
  46              		.file 1 "d:/1/123123/uart_at/uart_at.c"
   1:d:/1/123123/uart_at\uart_at.c **** /*----------------------------------------------------------------------------
   2:d:/1/123123/uart_at\uart_at.c ****  * Copyright (c) <2016-2018>, <Huawei Technologies Co., Ltd>
   3:d:/1/123123/uart_at\uart_at.c ****  * All rights reserved.
   4:d:/1/123123/uart_at\uart_at.c ****  * Redistribution and use in source and binary forms, with or without modification,
   5:d:/1/123123/uart_at\uart_at.c ****  * are permitted provided that the following conditions are met:
   6:d:/1/123123/uart_at\uart_at.c ****  * 1. Redistributions of source code must retain the above copyright notice, this list of
   7:d:/1/123123/uart_at\uart_at.c ****  * conditions and the following disclaimer.
   8:d:/1/123123/uart_at\uart_at.c ****  * 2. Redistributions in binary form must reproduce the above copyright notice, this list
   9:d:/1/123123/uart_at\uart_at.c ****  * of conditions and the following disclaimer in the documentation and/or other materials
  10:d:/1/123123/uart_at\uart_at.c ****  * provided with the distribution.
  11:d:/1/123123/uart_at\uart_at.c ****  * 3. Neither the name of the copyright holder nor the names of its contributors may be used
  12:d:/1/123123/uart_at\uart_at.c ****  * to endorse or promote products derived from this software without specific prior written
  13:d:/1/123123/uart_at\uart_at.c ****  * permission.
  14:d:/1/123123/uart_at\uart_at.c ****  * THIS SOFTWARE IS PROVIDED BY THE COPYRIGHT HOLDERS AND CONTRIBUTORS
ARM GAS  C:\Users\SORA\AppData\Local\Temp\ccdhblIP.s 			page 2


  15:d:/1/123123/uart_at\uart_at.c ****  * "AS IS" AND ANY EXPRESS OR IMPLIED WARRANTIES, INCLUDING, BUT NOT LIMITED TO,
  16:d:/1/123123/uart_at\uart_at.c ****  * THE IMPLIED WARRANTIES OF MERCHANTABILITY AND FITNESS FOR A PARTICULAR
  17:d:/1/123123/uart_at\uart_at.c ****  * PURPOSE ARE DISCLAIMED. IN NO EVENT SHALL THE COPYRIGHT HOLDER OR
  18:d:/1/123123/uart_at\uart_at.c ****  * CONTRIBUTORS BE LIABLE FOR ANY DIRECT, INDIRECT, INCIDENTAL, SPECIAL,
  19:d:/1/123123/uart_at\uart_at.c ****  * EXEMPLARY, OR CONSEQUENTIAL DAMAGES (INCLUDING, BUT NOT LIMITED TO,
  20:d:/1/123123/uart_at\uart_at.c ****  * PROCUREMENT OF SUBSTITUTE GOODS OR SERVICES; LOSS OF USE, DATA, OR PROFITS;
  21:d:/1/123123/uart_at\uart_at.c ****  * OR BUSINESS INTERRUPTION) HOWEVER CAUSED AND ON ANY THEORY OF LIABILITY,
  22:d:/1/123123/uart_at\uart_at.c ****  * WHETHER IN CONTRACT, STRICT LIABILITY, OR TORT (INCLUDING NEGLIGENCE OR
  23:d:/1/123123/uart_at\uart_at.c ****  * OTHERWISE) ARISING IN ANY WAY OUT OF THE USE OF THIS SOFTWARE, EVEN IF
  24:d:/1/123123/uart_at\uart_at.c ****  * ADVISED OF THE POSSIBILITY OF SUCH DAMAGE.
  25:d:/1/123123/uart_at\uart_at.c ****  *---------------------------------------------------------------------------*/
  26:d:/1/123123/uart_at\uart_at.c **** /*----------------------------------------------------------------------------
  27:d:/1/123123/uart_at\uart_at.c ****  * Notice of Export Control Law
  28:d:/1/123123/uart_at\uart_at.c ****  * ===============================================
  29:d:/1/123123/uart_at\uart_at.c ****  * Huawei LiteOS may be subject to applicable export control laws and regulations, which might
  30:d:/1/123123/uart_at\uart_at.c ****  * include those applicable to Huawei LiteOS of U.S. and the country in which you are located.
  31:d:/1/123123/uart_at\uart_at.c ****  * Import, export and usage of Huawei LiteOS in any manner by you shall be in compliance with such
  32:d:/1/123123/uart_at\uart_at.c ****  * applicable export control laws and regulations.
  33:d:/1/123123/uart_at\uart_at.c ****  *---------------------------------------------------------------------------*/
  34:d:/1/123123/uart_at\uart_at.c **** 
  35:d:/1/123123/uart_at\uart_at.c **** #include "usart.h"
  36:d:/1/123123/uart_at\uart_at.c **** #include "stm32l4xx.h"
  37:d:/1/123123/uart_at\uart_at.c **** #include <stdint.h>
  38:d:/1/123123/uart_at\uart_at.c **** #include <stddef.h>
  39:d:/1/123123/uart_at\uart_at.c **** #include <osal.h>
  40:d:/1/123123/uart_at\uart_at.c **** #include <link_misc.h>
  41:d:/1/123123/uart_at\uart_at.c **** #include <driver.h>
  42:d:/1/123123/uart_at\uart_at.c **** #include "sys/fcntl.h"
  43:d:/1/123123/uart_at\uart_at.c **** #include <iot_link_config.h>
  44:d:/1/123123/uart_at\uart_at.c **** 
  45:d:/1/123123/uart_at\uart_at.c **** 
  46:d:/1/123123/uart_at\uart_at.c **** UART_HandleTypeDef uart_at;
  47:d:/1/123123/uart_at\uart_at.c **** static USART_TypeDef*     s_pUSART = LPUART1;
  48:d:/1/123123/uart_at\uart_at.c **** static uint32_t           s_uwIRQn = LPUART1_IRQn;
  49:d:/1/123123/uart_at\uart_at.c **** 
  50:d:/1/123123/uart_at\uart_at.c **** #ifndef CONFIG_UARTAT_RCVMAX
  51:d:/1/123123/uart_at\uart_at.c **** #define CONFIG_UARTAT_RCVMAX     1024  //cache a frame
  52:d:/1/123123/uart_at\uart_at.c **** #endif
  53:d:/1/123123/uart_at\uart_at.c **** 
  54:d:/1/123123/uart_at\uart_at.c **** #ifndef CONFIG_UARTAT_BAUDRATE
  55:d:/1/123123/uart_at\uart_at.c **** #define CONFIG_UARTAT_BAUDRATE    115200
  56:d:/1/123123/uart_at\uart_at.c **** #endif
  57:d:/1/123123/uart_at\uart_at.c **** 
  58:d:/1/123123/uart_at\uart_at.c **** 
  59:d:/1/123123/uart_at\uart_at.c **** #ifndef CONFIG_UARTAT_DEVNAME
  60:d:/1/123123/uart_at\uart_at.c **** #define CONFIG_UARTAT_DEVNAME    "atdev"
  61:d:/1/123123/uart_at\uart_at.c **** #endif
  62:d:/1/123123/uart_at\uart_at.c **** 
  63:d:/1/123123/uart_at\uart_at.c **** #define CN_RCVMEM_LEN  CONFIG_UARTAT_RCVMAX
  64:d:/1/123123/uart_at\uart_at.c **** 
  65:d:/1/123123/uart_at\uart_at.c **** 
  66:d:/1/123123/uart_at\uart_at.c **** struct atio_cb
  67:d:/1/123123/uart_at\uart_at.c **** {
  68:d:/1/123123/uart_at\uart_at.c ****     unsigned short        w_next;    //the next position to be write
  69:d:/1/123123/uart_at\uart_at.c ****     osal_semp_t           rcvsync;   //if a frame has been written to the ring, then active it
  70:d:/1/123123/uart_at\uart_at.c ****     tag_ring_buffer_t     rcvring;
  71:d:/1/123123/uart_at\uart_at.c ****     unsigned char         rcvbuf[CONFIG_UARTAT_RCVMAX];
ARM GAS  C:\Users\SORA\AppData\Local\Temp\ccdhblIP.s 			page 3


  72:d:/1/123123/uart_at\uart_at.c ****     unsigned char         rcvringmem[CN_RCVMEM_LEN];
  73:d:/1/123123/uart_at\uart_at.c ****     //for the debug here
  74:d:/1/123123/uart_at\uart_at.c ****     unsigned int          rframeover; //how many times the frame has been over the max length
  75:d:/1/123123/uart_at\uart_at.c ****     unsigned int          rframedrop; //how many frame has been droped for memmory
  76:d:/1/123123/uart_at\uart_at.c ****     unsigned int          sndlen;     //how many bytes has been sent
  77:d:/1/123123/uart_at\uart_at.c ****     unsigned int          rcvlen;     //how many bytes has been received
  78:d:/1/123123/uart_at\uart_at.c ****     unsigned int          sndframe;   //how many frame has been sent
  79:d:/1/123123/uart_at\uart_at.c ****     unsigned int          rcvframe;   //how many frame has been received
  80:d:/1/123123/uart_at\uart_at.c ****     unsigned int          rcvringrst; //how many times the receive ring has been reset
  81:d:/1/123123/uart_at\uart_at.c **** };
  82:d:/1/123123/uart_at\uart_at.c **** static struct atio_cb   g_atio_cb;
  83:d:/1/123123/uart_at\uart_at.c **** 
  84:d:/1/123123/uart_at\uart_at.c **** 
  85:d:/1/123123/uart_at\uart_at.c **** /*******************************************************************************
  86:d:/1/123123/uart_at\uart_at.c **** function     :use this function to deal the uart interrupt
  87:d:/1/123123/uart_at\uart_at.c **** parameters   :
  88:d:/1/123123/uart_at\uart_at.c **** instruction  :we cached the data in the temp buffer,when the idle interrupt reached,
  89:d:/1/123123/uart_at\uart_at.c ****               then we write the data and the length to the ring if the ring has enough
  90:d:/1/123123/uart_at\uart_at.c ****               space
  91:d:/1/123123/uart_at\uart_at.c **** *******************************************************************************/
  92:d:/1/123123/uart_at\uart_at.c **** static void atio_irq(void)
  93:d:/1/123123/uart_at\uart_at.c **** {
  47              		.loc 1 93 1
  48              		.cfi_startproc
  49              		@ args = 0, pretend = 0, frame = 8
  50              		@ frame_needed = 1, uses_anonymous_args = 0
  51 0000 80B5     		push	{r7, lr}
  52              	.LCFI0:
  53              		.cfi_def_cfa_offset 8
  54              		.cfi_offset 7, -8
  55              		.cfi_offset 14, -4
  56 0002 82B0     		sub	sp, sp, #8
  57              	.LCFI1:
  58              		.cfi_def_cfa_offset 16
  59 0004 00AF     		add	r7, sp, #0
  60              	.LCFI2:
  61              		.cfi_def_cfa_register 7
  94:d:/1/123123/uart_at\uart_at.c ****     unsigned char  value;
  95:d:/1/123123/uart_at\uart_at.c ****     unsigned short ringspace;
  96:d:/1/123123/uart_at\uart_at.c ****     if(__HAL_UART_GET_FLAG(&uart_at, UART_FLAG_RXNE) != RESET)
  62              		.loc 1 96 8
  63 0006 494B     		ldr	r3, .L9
  64 0008 1B68     		ldr	r3, [r3]
  65 000a DB69     		ldr	r3, [r3, #28]
  66 000c 03F02003 		and	r3, r3, #32
  67              		.loc 1 96 7
  68 0010 202B     		cmp	r3, #32
  69 0012 2ED1     		bne	.L2
  97:d:/1/123123/uart_at\uart_at.c ****     {
  98:d:/1/123123/uart_at\uart_at.c ****        value = (uint8_t)(uart_at.Instance->RDR & 0x00FF);
  70              		.loc 1 98 33
  71 0014 454B     		ldr	r3, .L9
  72 0016 1B68     		ldr	r3, [r3]
  73              		.loc 1 98 42
  74 0018 9B8C     		ldrh	r3, [r3, #36]	@ movhi
  75 001a 9BB2     		uxth	r3, r3
  76              		.loc 1 98 14
ARM GAS  C:\Users\SORA\AppData\Local\Temp\ccdhblIP.s 			page 4


  77 001c FB71     		strb	r3, [r7, #7]
  99:d:/1/123123/uart_at\uart_at.c ****        g_atio_cb.rcvlen++;
  78              		.loc 1 99 17
  79 001e 444B     		ldr	r3, .L9+4
  80 0020 03F58153 		add	r3, r3, #4128
  81 0024 0433     		adds	r3, r3, #4
  82 0026 1B68     		ldr	r3, [r3]
  83              		.loc 1 99 24
  84 0028 5A1C     		adds	r2, r3, #1
  85 002a 414B     		ldr	r3, .L9+4
  86 002c 03F58153 		add	r3, r3, #4128
  87 0030 0433     		adds	r3, r3, #4
  88 0032 1A60     		str	r2, [r3]
 100:d:/1/123123/uart_at\uart_at.c ****        if(g_atio_cb.w_next < CONFIG_UARTAT_RCVMAX)
  89              		.loc 1 100 20
  90 0034 3E4B     		ldr	r3, .L9+4
  91 0036 1B88     		ldrh	r3, [r3]
  92              		.loc 1 100 10
  93 0038 B3F5006F 		cmp	r3, #2048
  94 003c 0DD2     		bcs	.L3
 101:d:/1/123123/uart_at\uart_at.c ****        {
 102:d:/1/123123/uart_at\uart_at.c ****            g_atio_cb.rcvbuf[g_atio_cb.w_next] = value;
  95              		.loc 1 102 38
  96 003e 3C4B     		ldr	r3, .L9+4
  97 0040 1B88     		ldrh	r3, [r3]
  98 0042 1A46     		mov	r2, r3
  99              		.loc 1 102 47
 100 0044 3A4B     		ldr	r3, .L9+4
 101 0046 1344     		add	r3, r3, r2
 102 0048 FA79     		ldrb	r2, [r7, #7]
 103 004a 1A76     		strb	r2, [r3, #24]
 103:d:/1/123123/uart_at\uart_at.c ****            g_atio_cb.w_next++;
 104              		.loc 1 103 21
 105 004c 384B     		ldr	r3, .L9+4
 106 004e 1B88     		ldrh	r3, [r3]
 107              		.loc 1 103 28
 108 0050 0133     		adds	r3, r3, #1
 109 0052 9AB2     		uxth	r2, r3
 110 0054 364B     		ldr	r3, .L9+4
 111 0056 1A80     		strh	r2, [r3]	@ movhi
 104:d:/1/123123/uart_at\uart_at.c ****        }
 105:d:/1/123123/uart_at\uart_at.c ****        else
 106:d:/1/123123/uart_at\uart_at.c ****        {
 107:d:/1/123123/uart_at\uart_at.c ****             g_atio_cb.rframeover++;
 108:d:/1/123123/uart_at\uart_at.c ****        }
 109:d:/1/123123/uart_at\uart_at.c ****     }
 110:d:/1/123123/uart_at\uart_at.c ****     else if (__HAL_UART_GET_FLAG(&uart_at,UART_FLAG_IDLE) != RESET)
 111:d:/1/123123/uart_at\uart_at.c ****     {
 112:d:/1/123123/uart_at\uart_at.c ****         __HAL_UART_CLEAR_IDLEFLAG(&uart_at);
 113:d:/1/123123/uart_at\uart_at.c ****         ringspace = CN_RCVMEM_LEN - ring_buffer_datalen(&g_atio_cb.rcvring);
 114:d:/1/123123/uart_at\uart_at.c ****         if(ringspace < g_atio_cb.w_next)  //not enough mem
 115:d:/1/123123/uart_at\uart_at.c ****         {
 116:d:/1/123123/uart_at\uart_at.c ****             g_atio_cb.rframedrop++;
 117:d:/1/123123/uart_at\uart_at.c ****         }
 118:d:/1/123123/uart_at\uart_at.c ****         else
 119:d:/1/123123/uart_at\uart_at.c ****         {
 120:d:/1/123123/uart_at\uart_at.c ****             //write data to the ring buffer:len+data format
ARM GAS  C:\Users\SORA\AppData\Local\Temp\ccdhblIP.s 			page 5


 121:d:/1/123123/uart_at\uart_at.c ****             ringspace = g_atio_cb.w_next;
 122:d:/1/123123/uart_at\uart_at.c ****             ring_buffer_write(&g_atio_cb.rcvring,(unsigned char *)&ringspace,sizeof(ringspace));
 123:d:/1/123123/uart_at\uart_at.c ****             ring_buffer_write(&g_atio_cb.rcvring,g_atio_cb.rcvbuf,ringspace);
 124:d:/1/123123/uart_at\uart_at.c ****             (void) osal_semp_post(g_atio_cb.rcvsync);
 125:d:/1/123123/uart_at\uart_at.c ****             g_atio_cb.rcvframe++;
 126:d:/1/123123/uart_at\uart_at.c ****         }
 127:d:/1/123123/uart_at\uart_at.c ****         g_atio_cb.w_next=0; //write from the head
 128:d:/1/123123/uart_at\uart_at.c ****     }
 129:d:/1/123123/uart_at\uart_at.c ****     else ///< clear the flags
 130:d:/1/123123/uart_at\uart_at.c ****     {
 131:d:/1/123123/uart_at\uart_at.c ****         __HAL_UART_CLEAR_PEFLAG(&uart_at);
 132:d:/1/123123/uart_at\uart_at.c ****         __HAL_UART_CLEAR_FEFLAG(&uart_at);
 133:d:/1/123123/uart_at\uart_at.c ****         __HAL_UART_CLEAR_NEFLAG(&uart_at);
 134:d:/1/123123/uart_at\uart_at.c ****         __HAL_UART_CLEAR_OREFLAG(&uart_at);
 135:d:/1/123123/uart_at\uart_at.c ****     }
 136:d:/1/123123/uart_at\uart_at.c **** 
 137:d:/1/123123/uart_at\uart_at.c **** 
 138:d:/1/123123/uart_at\uart_at.c **** }
 112              		.loc 1 138 1
 113 0058 63E0     		b	.L8
 114              	.L3:
 107:d:/1/123123/uart_at\uart_at.c ****        }
 115              		.loc 1 107 22
 116 005a 354B     		ldr	r3, .L9+4
 117 005c 03F58053 		add	r3, r3, #4096
 118 0060 1833     		adds	r3, r3, #24
 119 0062 1B68     		ldr	r3, [r3]
 107:d:/1/123123/uart_at\uart_at.c ****        }
 120              		.loc 1 107 33
 121 0064 5A1C     		adds	r2, r3, #1
 122 0066 324B     		ldr	r3, .L9+4
 123 0068 03F58053 		add	r3, r3, #4096
 124 006c 1833     		adds	r3, r3, #24
 125 006e 1A60     		str	r2, [r3]
 126              		.loc 1 138 1
 127 0070 57E0     		b	.L8
 128              	.L2:
 110:d:/1/123123/uart_at\uart_at.c ****     {
 129              		.loc 1 110 14
 130 0072 2E4B     		ldr	r3, .L9
 131 0074 1B68     		ldr	r3, [r3]
 132 0076 DB69     		ldr	r3, [r3, #28]
 133 0078 03F01003 		and	r3, r3, #16
 110:d:/1/123123/uart_at\uart_at.c ****     {
 134              		.loc 1 110 13
 135 007c 102B     		cmp	r3, #16
 136 007e 40D1     		bne	.L5
 112:d:/1/123123/uart_at\uart_at.c ****         ringspace = CN_RCVMEM_LEN - ring_buffer_datalen(&g_atio_cb.rcvring);
 137              		.loc 1 112 9
 138 0080 2A4B     		ldr	r3, .L9
 139 0082 1B68     		ldr	r3, [r3]
 140 0084 1022     		movs	r2, #16
 141 0086 1A62     		str	r2, [r3, #32]
 113:d:/1/123123/uart_at\uart_at.c ****         if(ringspace < g_atio_cb.w_next)  //not enough mem
 142              		.loc 1 113 37
 143 0088 2A48     		ldr	r0, .L9+8
 144 008a FFF7FEFF 		bl	ring_buffer_datalen
ARM GAS  C:\Users\SORA\AppData\Local\Temp\ccdhblIP.s 			page 6


 145 008e 0346     		mov	r3, r0
 113:d:/1/123123/uart_at\uart_at.c ****         if(ringspace < g_atio_cb.w_next)  //not enough mem
 146              		.loc 1 113 35
 147 0090 9BB2     		uxth	r3, r3
 148 0092 C3F50063 		rsb	r3, r3, #2048
 149 0096 9BB2     		uxth	r3, r3
 113:d:/1/123123/uart_at\uart_at.c ****         if(ringspace < g_atio_cb.w_next)  //not enough mem
 150              		.loc 1 113 19
 151 0098 BB80     		strh	r3, [r7, #4]	@ movhi
 114:d:/1/123123/uart_at\uart_at.c ****         {
 152              		.loc 1 114 33
 153 009a 254B     		ldr	r3, .L9+4
 154 009c 1A88     		ldrh	r2, [r3]
 114:d:/1/123123/uart_at\uart_at.c ****         {
 155              		.loc 1 114 22
 156 009e BB88     		ldrh	r3, [r7, #4]
 114:d:/1/123123/uart_at\uart_at.c ****         {
 157              		.loc 1 114 11
 158 00a0 9A42     		cmp	r2, r3
 159 00a2 0BD9     		bls	.L6
 116:d:/1/123123/uart_at\uart_at.c ****         }
 160              		.loc 1 116 22
 161 00a4 224B     		ldr	r3, .L9+4
 162 00a6 03F58053 		add	r3, r3, #4096
 163 00aa 1C33     		adds	r3, r3, #28
 164 00ac 1B68     		ldr	r3, [r3]
 116:d:/1/123123/uart_at\uart_at.c ****         }
 165              		.loc 1 116 33
 166 00ae 5A1C     		adds	r2, r3, #1
 167 00b0 1F4B     		ldr	r3, .L9+4
 168 00b2 03F58053 		add	r3, r3, #4096
 169 00b6 1C33     		adds	r3, r3, #28
 170 00b8 1A60     		str	r2, [r3]
 171 00ba 1EE0     		b	.L7
 172              	.L6:
 121:d:/1/123123/uart_at\uart_at.c ****             ring_buffer_write(&g_atio_cb.rcvring,(unsigned char *)&ringspace,sizeof(ringspace));
 173              		.loc 1 121 34
 174 00bc 1C4B     		ldr	r3, .L9+4
 175 00be 1B88     		ldrh	r3, [r3]
 121:d:/1/123123/uart_at\uart_at.c ****             ring_buffer_write(&g_atio_cb.rcvring,(unsigned char *)&ringspace,sizeof(ringspace));
 176              		.loc 1 121 23
 177 00c0 BB80     		strh	r3, [r7, #4]	@ movhi
 122:d:/1/123123/uart_at\uart_at.c ****             ring_buffer_write(&g_atio_cb.rcvring,g_atio_cb.rcvbuf,ringspace);
 178              		.loc 1 122 13
 179 00c2 3B1D     		adds	r3, r7, #4
 180 00c4 0222     		movs	r2, #2
 181 00c6 1946     		mov	r1, r3
 182 00c8 1A48     		ldr	r0, .L9+8
 183 00ca FFF7FEFF 		bl	ring_buffer_write
 123:d:/1/123123/uart_at\uart_at.c ****             (void) osal_semp_post(g_atio_cb.rcvsync);
 184              		.loc 1 123 13
 185 00ce BB88     		ldrh	r3, [r7, #4]
 186 00d0 1A46     		mov	r2, r3
 187 00d2 1949     		ldr	r1, .L9+12
 188 00d4 1748     		ldr	r0, .L9+8
 189 00d6 FFF7FEFF 		bl	ring_buffer_write
 124:d:/1/123123/uart_at\uart_at.c ****             g_atio_cb.rcvframe++;
ARM GAS  C:\Users\SORA\AppData\Local\Temp\ccdhblIP.s 			page 7


 190              		.loc 1 124 20
 191 00da 154B     		ldr	r3, .L9+4
 192 00dc 5B68     		ldr	r3, [r3, #4]
 193 00de 1846     		mov	r0, r3
 194 00e0 FFF7FEFF 		bl	osal_semp_post
 125:d:/1/123123/uart_at\uart_at.c ****         }
 195              		.loc 1 125 22
 196 00e4 124B     		ldr	r3, .L9+4
 197 00e6 03F58153 		add	r3, r3, #4128
 198 00ea 0C33     		adds	r3, r3, #12
 199 00ec 1B68     		ldr	r3, [r3]
 125:d:/1/123123/uart_at\uart_at.c ****         }
 200              		.loc 1 125 31
 201 00ee 5A1C     		adds	r2, r3, #1
 202 00f0 0F4B     		ldr	r3, .L9+4
 203 00f2 03F58153 		add	r3, r3, #4128
 204 00f6 0C33     		adds	r3, r3, #12
 205 00f8 1A60     		str	r2, [r3]
 206              	.L7:
 127:d:/1/123123/uart_at\uart_at.c ****     }
 207              		.loc 1 127 25
 208 00fa 0D4B     		ldr	r3, .L9+4
 209 00fc 0022     		movs	r2, #0
 210 00fe 1A80     		strh	r2, [r3]	@ movhi
 211              		.loc 1 138 1
 212 0100 0FE0     		b	.L8
 213              	.L5:
 131:d:/1/123123/uart_at\uart_at.c ****         __HAL_UART_CLEAR_FEFLAG(&uart_at);
 214              		.loc 1 131 9
 215 0102 0A4B     		ldr	r3, .L9
 216 0104 1B68     		ldr	r3, [r3]
 217 0106 0122     		movs	r2, #1
 218 0108 1A62     		str	r2, [r3, #32]
 132:d:/1/123123/uart_at\uart_at.c ****         __HAL_UART_CLEAR_NEFLAG(&uart_at);
 219              		.loc 1 132 9
 220 010a 084B     		ldr	r3, .L9
 221 010c 1B68     		ldr	r3, [r3]
 222 010e 0222     		movs	r2, #2
 223 0110 1A62     		str	r2, [r3, #32]
 133:d:/1/123123/uart_at\uart_at.c ****         __HAL_UART_CLEAR_OREFLAG(&uart_at);
 224              		.loc 1 133 9
 225 0112 064B     		ldr	r3, .L9
 226 0114 1B68     		ldr	r3, [r3]
 227 0116 0422     		movs	r2, #4
 228 0118 1A62     		str	r2, [r3, #32]
 134:d:/1/123123/uart_at\uart_at.c ****     }
 229              		.loc 1 134 9
 230 011a 044B     		ldr	r3, .L9
 231 011c 1B68     		ldr	r3, [r3]
 232 011e 0822     		movs	r2, #8
 233 0120 1A62     		str	r2, [r3, #32]
 234              	.L8:
 235              		.loc 1 138 1
 236 0122 00BF     		nop
 237 0124 0837     		adds	r7, r7, #8
 238              	.LCFI3:
 239              		.cfi_def_cfa_offset 8
ARM GAS  C:\Users\SORA\AppData\Local\Temp\ccdhblIP.s 			page 8


 240 0126 BD46     		mov	sp, r7
 241              	.LCFI4:
 242              		.cfi_def_cfa_register 13
 243              		@ sp needed
 244 0128 80BD     		pop	{r7, pc}
 245              	.L10:
 246 012a 00BF     		.align	2
 247              	.L9:
 248 012c 00000000 		.word	uart_at
 249 0130 00000000 		.word	g_atio_cb
 250 0134 08000000 		.word	g_atio_cb+8
 251 0138 18000000 		.word	g_atio_cb+24
 252              		.cfi_endproc
 253              	.LFE287:
 255              		.section	.rodata
 256              		.align	2
 257              	.LC0:
 258 0000 25733A73 		.ascii	"%s:semp create error\012\015\000"
 258      656D7020 
 258      63726561 
 258      74652065 
 258      72726F72 
 259 0017 00       		.align	2
 260              	.LC1:
 261 0018 643A2F31 		.ascii	"d:/1/123123/uart_at/uart_at.c\000"
 261      2F313233 
 261      3132332F 
 261      75617274 
 261      5F61742F 
 262              		.section	.text.uart_at_init,"ax",%progbits
 263              		.align	1
 264              		.global	uart_at_init
 265              		.syntax unified
 266              		.thumb
 267              		.thumb_func
 268              		.fpu fpv4-sp-d16
 270              	uart_at_init:
 271              	.LFB288:
 139:d:/1/123123/uart_at\uart_at.c **** 
 140:d:/1/123123/uart_at\uart_at.c **** /*******************************************************************************
 141:d:/1/123123/uart_at\uart_at.c **** function     :use this function to initialize the uart
 142:d:/1/123123/uart_at\uart_at.c **** parameters   :
 143:d:/1/123123/uart_at\uart_at.c **** instruction  :
 144:d:/1/123123/uart_at\uart_at.c **** *******************************************************************************/
 145:d:/1/123123/uart_at\uart_at.c **** bool_t uart_at_init(void *pri)
 146:d:/1/123123/uart_at\uart_at.c **** {
 272              		.loc 1 146 1
 273              		.cfi_startproc
 274              		@ args = 0, pretend = 0, frame = 8
 275              		@ frame_needed = 1, uses_anonymous_args = 0
 276 0000 80B5     		push	{r7, lr}
 277              	.LCFI5:
 278              		.cfi_def_cfa_offset 8
 279              		.cfi_offset 7, -8
 280              		.cfi_offset 14, -4
 281 0002 84B0     		sub	sp, sp, #16
 282              	.LCFI6:
ARM GAS  C:\Users\SORA\AppData\Local\Temp\ccdhblIP.s 			page 9


 283              		.cfi_def_cfa_offset 24
 284 0004 02AF     		add	r7, sp, #8
 285              	.LCFI7:
 286              		.cfi_def_cfa 7, 16
 287 0006 7860     		str	r0, [r7, #4]
 147:d:/1/123123/uart_at\uart_at.c ****     //initialize the at controller
 148:d:/1/123123/uart_at\uart_at.c ****     (void) memset(&g_atio_cb,0,sizeof(g_atio_cb));
 288              		.loc 1 148 12
 289 0008 41F23402 		movw	r2, #4148
 290 000c 0021     		movs	r1, #0
 291 000e 3148     		ldr	r0, .L16
 292 0010 FFF7FEFF 		bl	memset
 149:d:/1/123123/uart_at\uart_at.c ****     if(false == osal_semp_create(&g_atio_cb.rcvsync,CN_RCVMEM_LEN,0))
 293              		.loc 1 149 17
 294 0014 0022     		movs	r2, #0
 295 0016 4FF40061 		mov	r1, #2048
 296 001a 2F48     		ldr	r0, .L16+4
 297 001c FFF7FEFF 		bl	osal_semp_create
 298 0020 0346     		mov	r3, r0
 299              		.loc 1 149 7
 300 0022 002B     		cmp	r3, #0
 301 0024 06D1     		bne	.L12
 150:d:/1/123123/uart_at\uart_at.c ****     {
 151:d:/1/123123/uart_at\uart_at.c ****         printf("%s:semp create error\n\r",__FUNCTION__);
 302              		.loc 1 151 9
 303 0026 2D49     		ldr	r1, .L16+8
 304 0028 2D48     		ldr	r0, .L16+12
 305 002a FFF7FEFF 		bl	printf
 152:d:/1/123123/uart_at\uart_at.c ****         goto EXIT_SEMP;
 306              		.loc 1 152 9
 307 002e 00BF     		nop
 308              	.L13:
 153:d:/1/123123/uart_at\uart_at.c ****     }
 154:d:/1/123123/uart_at\uart_at.c ****     ring_buffer_init(&g_atio_cb.rcvring,g_atio_cb.rcvringmem,CN_RCVMEM_LEN,0,0);
 155:d:/1/123123/uart_at\uart_at.c **** 
 156:d:/1/123123/uart_at\uart_at.c ****     uart_at.Instance = s_pUSART;
 157:d:/1/123123/uart_at\uart_at.c ****     uart_at.Init.BaudRate = CONFIG_UARTAT_BAUDRATE;
 158:d:/1/123123/uart_at\uart_at.c ****     uart_at.Init.WordLength = UART_WORDLENGTH_8B;
 159:d:/1/123123/uart_at\uart_at.c ****     uart_at.Init.StopBits = UART_STOPBITS_1;
 160:d:/1/123123/uart_at\uart_at.c ****     uart_at.Init.Parity = UART_PARITY_NONE;
 161:d:/1/123123/uart_at\uart_at.c ****     uart_at.Init.HwFlowCtl = UART_HWCONTROL_NONE;
 162:d:/1/123123/uart_at\uart_at.c ****     uart_at.Init.Mode = UART_MODE_TX_RX;
 163:d:/1/123123/uart_at\uart_at.c ****     uart_at.Init.OverSampling = UART_OVERSAMPLING_16;
 164:d:/1/123123/uart_at\uart_at.c ****     if(HAL_UART_Init(&uart_at) != HAL_OK)
 165:d:/1/123123/uart_at\uart_at.c ****     {
 166:d:/1/123123/uart_at\uart_at.c ****         _Error_Handler(__FILE__, __LINE__);
 167:d:/1/123123/uart_at\uart_at.c ****     }
 168:d:/1/123123/uart_at\uart_at.c ****     __HAL_UART_CLEAR_FLAG(&uart_at,UART_FLAG_TC);
 169:d:/1/123123/uart_at\uart_at.c ****     LOS_HwiCreate(s_uwIRQn, 3, 0, atio_irq, 0);
 170:d:/1/123123/uart_at\uart_at.c ****     __HAL_UART_ENABLE_IT(&uart_at, UART_IT_IDLE);
 171:d:/1/123123/uart_at\uart_at.c ****     __HAL_UART_ENABLE_IT(&uart_at, UART_IT_RXNE);
 172:d:/1/123123/uart_at\uart_at.c ****     return true;
 173:d:/1/123123/uart_at\uart_at.c **** 
 174:d:/1/123123/uart_at\uart_at.c **** EXIT_SEMP:
 175:d:/1/123123/uart_at\uart_at.c ****     return false;
 309              		.loc 1 175 12
 310 0030 0023     		movs	r3, #0
ARM GAS  C:\Users\SORA\AppData\Local\Temp\ccdhblIP.s 			page 10


 311 0032 4AE0     		b	.L15
 312              	.L12:
 154:d:/1/123123/uart_at\uart_at.c **** 
 313              		.loc 1 154 5
 314 0034 0023     		movs	r3, #0
 315 0036 0093     		str	r3, [sp]
 316 0038 0023     		movs	r3, #0
 317 003a 4FF40062 		mov	r2, #2048
 318 003e 2949     		ldr	r1, .L16+16
 319 0040 2948     		ldr	r0, .L16+20
 320 0042 FFF7FEFF 		bl	ring_buffer_init
 156:d:/1/123123/uart_at\uart_at.c ****     uart_at.Init.BaudRate = CONFIG_UARTAT_BAUDRATE;
 321              		.loc 1 156 22
 322 0046 294B     		ldr	r3, .L16+24
 323 0048 1B68     		ldr	r3, [r3]
 324 004a 294A     		ldr	r2, .L16+28
 325 004c 1360     		str	r3, [r2]
 157:d:/1/123123/uart_at\uart_at.c ****     uart_at.Init.WordLength = UART_WORDLENGTH_8B;
 326              		.loc 1 157 27
 327 004e 284B     		ldr	r3, .L16+28
 328 0050 4FF41652 		mov	r2, #9600
 329 0054 5A60     		str	r2, [r3, #4]
 158:d:/1/123123/uart_at\uart_at.c ****     uart_at.Init.StopBits = UART_STOPBITS_1;
 330              		.loc 1 158 29
 331 0056 264B     		ldr	r3, .L16+28
 332 0058 0022     		movs	r2, #0
 333 005a 9A60     		str	r2, [r3, #8]
 159:d:/1/123123/uart_at\uart_at.c ****     uart_at.Init.Parity = UART_PARITY_NONE;
 334              		.loc 1 159 27
 335 005c 244B     		ldr	r3, .L16+28
 336 005e 0022     		movs	r2, #0
 337 0060 DA60     		str	r2, [r3, #12]
 160:d:/1/123123/uart_at\uart_at.c ****     uart_at.Init.HwFlowCtl = UART_HWCONTROL_NONE;
 338              		.loc 1 160 25
 339 0062 234B     		ldr	r3, .L16+28
 340 0064 0022     		movs	r2, #0
 341 0066 1A61     		str	r2, [r3, #16]
 161:d:/1/123123/uart_at\uart_at.c ****     uart_at.Init.Mode = UART_MODE_TX_RX;
 342              		.loc 1 161 28
 343 0068 214B     		ldr	r3, .L16+28
 344 006a 0022     		movs	r2, #0
 345 006c 9A61     		str	r2, [r3, #24]
 162:d:/1/123123/uart_at\uart_at.c ****     uart_at.Init.OverSampling = UART_OVERSAMPLING_16;
 346              		.loc 1 162 23
 347 006e 204B     		ldr	r3, .L16+28
 348 0070 0C22     		movs	r2, #12
 349 0072 5A61     		str	r2, [r3, #20]
 163:d:/1/123123/uart_at\uart_at.c ****     if(HAL_UART_Init(&uart_at) != HAL_OK)
 350              		.loc 1 163 31
 351 0074 1E4B     		ldr	r3, .L16+28
 352 0076 0022     		movs	r2, #0
 353 0078 DA61     		str	r2, [r3, #28]
 164:d:/1/123123/uart_at\uart_at.c ****     {
 354              		.loc 1 164 8
 355 007a 1D48     		ldr	r0, .L16+28
 356 007c FFF7FEFF 		bl	HAL_UART_Init
 357 0080 0346     		mov	r3, r0
ARM GAS  C:\Users\SORA\AppData\Local\Temp\ccdhblIP.s 			page 11


 164:d:/1/123123/uart_at\uart_at.c ****     {
 358              		.loc 1 164 7
 359 0082 002B     		cmp	r3, #0
 360 0084 03D0     		beq	.L14
 166:d:/1/123123/uart_at\uart_at.c ****     }
 361              		.loc 1 166 9
 362 0086 A621     		movs	r1, #166
 363 0088 1A48     		ldr	r0, .L16+32
 364 008a FFF7FEFF 		bl	_Error_Handler
 365              	.L14:
 168:d:/1/123123/uart_at\uart_at.c ****     LOS_HwiCreate(s_uwIRQn, 3, 0, atio_irq, 0);
 366              		.loc 1 168 5
 367 008e 184B     		ldr	r3, .L16+28
 368 0090 1B68     		ldr	r3, [r3]
 369 0092 4022     		movs	r2, #64
 370 0094 1A62     		str	r2, [r3, #32]
 169:d:/1/123123/uart_at\uart_at.c ****     __HAL_UART_ENABLE_IT(&uart_at, UART_IT_IDLE);
 371              		.loc 1 169 5
 372 0096 184B     		ldr	r3, .L16+36
 373 0098 1868     		ldr	r0, [r3]
 374 009a 0023     		movs	r3, #0
 375 009c 0093     		str	r3, [sp]
 376 009e 174B     		ldr	r3, .L16+40
 377 00a0 0022     		movs	r2, #0
 378 00a2 0321     		movs	r1, #3
 379 00a4 FFF7FEFF 		bl	LOS_HwiCreate
 170:d:/1/123123/uart_at\uart_at.c ****     __HAL_UART_ENABLE_IT(&uart_at, UART_IT_RXNE);
 380              		.loc 1 170 5
 381 00a8 114B     		ldr	r3, .L16+28
 382 00aa 1B68     		ldr	r3, [r3]
 383 00ac 1A68     		ldr	r2, [r3]
 384 00ae 104B     		ldr	r3, .L16+28
 385 00b0 1B68     		ldr	r3, [r3]
 386 00b2 42F01002 		orr	r2, r2, #16
 387 00b6 1A60     		str	r2, [r3]
 171:d:/1/123123/uart_at\uart_at.c ****     return true;
 388              		.loc 1 171 5
 389 00b8 0D4B     		ldr	r3, .L16+28
 390 00ba 1B68     		ldr	r3, [r3]
 391 00bc 1A68     		ldr	r2, [r3]
 392 00be 0C4B     		ldr	r3, .L16+28
 393 00c0 1B68     		ldr	r3, [r3]
 394 00c2 42F02002 		orr	r2, r2, #32
 395 00c6 1A60     		str	r2, [r3]
 172:d:/1/123123/uart_at\uart_at.c **** 
 396              		.loc 1 172 12
 397 00c8 0123     		movs	r3, #1
 398              	.L15:
 176:d:/1/123123/uart_at\uart_at.c **** }
 399              		.loc 1 176 1
 400 00ca 1846     		mov	r0, r3
 401 00cc 0837     		adds	r7, r7, #8
 402              	.LCFI8:
 403              		.cfi_def_cfa_offset 8
 404 00ce BD46     		mov	sp, r7
 405              	.LCFI9:
 406              		.cfi_def_cfa_register 13
ARM GAS  C:\Users\SORA\AppData\Local\Temp\ccdhblIP.s 			page 12


 407              		@ sp needed
 408 00d0 80BD     		pop	{r7, pc}
 409              	.L17:
 410 00d2 00BF     		.align	2
 411              	.L16:
 412 00d4 00000000 		.word	g_atio_cb
 413 00d8 04000000 		.word	g_atio_cb+4
 414 00dc 00000000 		.word	__FUNCTION__.11399
 415 00e0 00000000 		.word	.LC0
 416 00e4 18080000 		.word	g_atio_cb+2072
 417 00e8 08000000 		.word	g_atio_cb+8
 418 00ec 00000000 		.word	s_pUSART
 419 00f0 00000000 		.word	uart_at
 420 00f4 18000000 		.word	.LC1
 421 00f8 00000000 		.word	s_uwIRQn
 422 00fc 00000000 		.word	atio_irq
 423              		.cfi_endproc
 424              	.LFE288:
 426              		.section	.text.uart_at_deinit,"ax",%progbits
 427              		.align	1
 428              		.global	uart_at_deinit
 429              		.syntax unified
 430              		.thumb
 431              		.thumb_func
 432              		.fpu fpv4-sp-d16
 434              	uart_at_deinit:
 435              	.LFB289:
 177:d:/1/123123/uart_at\uart_at.c **** 
 178:d:/1/123123/uart_at\uart_at.c **** void uart_at_deinit(void *pri)
 179:d:/1/123123/uart_at\uart_at.c **** {
 436              		.loc 1 179 1
 437              		.cfi_startproc
 438              		@ args = 0, pretend = 0, frame = 8
 439              		@ frame_needed = 1, uses_anonymous_args = 0
 440              		@ link register save eliminated.
 441 0000 80B4     		push	{r7}
 442              	.LCFI10:
 443              		.cfi_def_cfa_offset 4
 444              		.cfi_offset 7, -4
 445 0002 83B0     		sub	sp, sp, #12
 446              	.LCFI11:
 447              		.cfi_def_cfa_offset 16
 448 0004 00AF     		add	r7, sp, #0
 449              	.LCFI12:
 450              		.cfi_def_cfa_register 7
 451 0006 7860     		str	r0, [r7, #4]
 180:d:/1/123123/uart_at\uart_at.c ****     __HAL_UART_DISABLE(&uart_at);
 452              		.loc 1 180 5
 453 0008 0E4B     		ldr	r3, .L19
 454 000a 1B68     		ldr	r3, [r3]
 455 000c 1A68     		ldr	r2, [r3]
 456 000e 0D4B     		ldr	r3, .L19
 457 0010 1B68     		ldr	r3, [r3]
 458 0012 22F00102 		bic	r2, r2, #1
 459 0016 1A60     		str	r2, [r3]
 181:d:/1/123123/uart_at\uart_at.c ****     __HAL_UART_DISABLE_IT(&uart_at, UART_IT_IDLE);
 460              		.loc 1 181 5
ARM GAS  C:\Users\SORA\AppData\Local\Temp\ccdhblIP.s 			page 13


 461 0018 0A4B     		ldr	r3, .L19
 462 001a 1B68     		ldr	r3, [r3]
 463 001c 1A68     		ldr	r2, [r3]
 464 001e 094B     		ldr	r3, .L19
 465 0020 1B68     		ldr	r3, [r3]
 466 0022 22F01002 		bic	r2, r2, #16
 467 0026 1A60     		str	r2, [r3]
 182:d:/1/123123/uart_at\uart_at.c ****     __HAL_UART_DISABLE_IT(&uart_at, UART_IT_RXNE);
 468              		.loc 1 182 5
 469 0028 064B     		ldr	r3, .L19
 470 002a 1B68     		ldr	r3, [r3]
 471 002c 1A68     		ldr	r2, [r3]
 472 002e 054B     		ldr	r3, .L19
 473 0030 1B68     		ldr	r3, [r3]
 474 0032 22F02002 		bic	r2, r2, #32
 475 0036 1A60     		str	r2, [r3]
 183:d:/1/123123/uart_at\uart_at.c **** }
 476              		.loc 1 183 1
 477 0038 00BF     		nop
 478 003a 0C37     		adds	r7, r7, #12
 479              	.LCFI13:
 480              		.cfi_def_cfa_offset 4
 481 003c BD46     		mov	sp, r7
 482              	.LCFI14:
 483              		.cfi_def_cfa_register 13
 484              		@ sp needed
 485 003e 5DF8047B 		ldr	r7, [sp], #4
 486              	.LCFI15:
 487              		.cfi_restore 7
 488              		.cfi_def_cfa_offset 0
 489 0042 7047     		bx	lr
 490              	.L20:
 491              		.align	2
 492              	.L19:
 493 0044 00000000 		.word	uart_at
 494              		.cfi_endproc
 495              	.LFE289:
 497              		.section	.text.uart_at_send,"ax",%progbits
 498              		.align	1
 499              		.syntax unified
 500              		.thumb
 501              		.thumb_func
 502              		.fpu fpv4-sp-d16
 504              	uart_at_send:
 505              	.LFB290:
 184:d:/1/123123/uart_at\uart_at.c **** 
 185:d:/1/123123/uart_at\uart_at.c **** /*******************************************************************************
 186:d:/1/123123/uart_at\uart_at.c **** function     :use this function to send a frame to the uart
 187:d:/1/123123/uart_at\uart_at.c **** parameters   :
 188:d:/1/123123/uart_at\uart_at.c **** instruction  :
 189:d:/1/123123/uart_at\uart_at.c **** *******************************************************************************/
 190:d:/1/123123/uart_at\uart_at.c **** static ssize_t uart_at_send(const char  *buf, size_t len,uint32_t timeout)
 191:d:/1/123123/uart_at\uart_at.c **** {
 506              		.loc 1 191 1
 507              		.cfi_startproc
 508              		@ args = 0, pretend = 0, frame = 16
 509              		@ frame_needed = 1, uses_anonymous_args = 0
ARM GAS  C:\Users\SORA\AppData\Local\Temp\ccdhblIP.s 			page 14


 510 0000 80B5     		push	{r7, lr}
 511              	.LCFI16:
 512              		.cfi_def_cfa_offset 8
 513              		.cfi_offset 7, -8
 514              		.cfi_offset 14, -4
 515 0002 84B0     		sub	sp, sp, #16
 516              	.LCFI17:
 517              		.cfi_def_cfa_offset 24
 518 0004 00AF     		add	r7, sp, #0
 519              	.LCFI18:
 520              		.cfi_def_cfa_register 7
 521 0006 F860     		str	r0, [r7, #12]
 522 0008 B960     		str	r1, [r7, #8]
 523 000a 7A60     		str	r2, [r7, #4]
 192:d:/1/123123/uart_at\uart_at.c ****     HAL_UART_Transmit(&uart_at,(unsigned char *)buf,len,timeout);
 524              		.loc 1 192 5
 525 000c BB68     		ldr	r3, [r7, #8]
 526 000e 9AB2     		uxth	r2, r3
 527 0010 7B68     		ldr	r3, [r7, #4]
 528 0012 F968     		ldr	r1, [r7, #12]
 529 0014 0E48     		ldr	r0, .L23
 530 0016 FFF7FEFF 		bl	HAL_UART_Transmit
 193:d:/1/123123/uart_at\uart_at.c ****     g_atio_cb.sndlen += len;
 531              		.loc 1 193 22
 532 001a 0E4B     		ldr	r3, .L23+4
 533 001c 03F58153 		add	r3, r3, #4128
 534 0020 1A68     		ldr	r2, [r3]
 535 0022 BB68     		ldr	r3, [r7, #8]
 536 0024 1A44     		add	r2, r2, r3
 537 0026 0B4B     		ldr	r3, .L23+4
 538 0028 03F58153 		add	r3, r3, #4128
 539 002c 1A60     		str	r2, [r3]
 194:d:/1/123123/uart_at\uart_at.c ****     g_atio_cb.sndframe ++;
 540              		.loc 1 194 14
 541 002e 094B     		ldr	r3, .L23+4
 542 0030 03F58153 		add	r3, r3, #4128
 543 0034 0833     		adds	r3, r3, #8
 544 0036 1B68     		ldr	r3, [r3]
 545              		.loc 1 194 24
 546 0038 5A1C     		adds	r2, r3, #1
 547 003a 064B     		ldr	r3, .L23+4
 548 003c 03F58153 		add	r3, r3, #4128
 549 0040 0833     		adds	r3, r3, #8
 550 0042 1A60     		str	r2, [r3]
 195:d:/1/123123/uart_at\uart_at.c **** 
 196:d:/1/123123/uart_at\uart_at.c ****     return len;
 551              		.loc 1 196 12
 552 0044 BB68     		ldr	r3, [r7, #8]
 197:d:/1/123123/uart_at\uart_at.c **** }
 553              		.loc 1 197 1
 554 0046 1846     		mov	r0, r3
 555 0048 1037     		adds	r7, r7, #16
 556              	.LCFI19:
 557              		.cfi_def_cfa_offset 8
 558 004a BD46     		mov	sp, r7
 559              	.LCFI20:
 560              		.cfi_def_cfa_register 13
ARM GAS  C:\Users\SORA\AppData\Local\Temp\ccdhblIP.s 			page 15


 561              		@ sp needed
 562 004c 80BD     		pop	{r7, pc}
 563              	.L24:
 564 004e 00BF     		.align	2
 565              	.L23:
 566 0050 00000000 		.word	uart_at
 567 0054 00000000 		.word	g_atio_cb
 568              		.cfi_endproc
 569              	.LFE290:
 571              		.section	.text.uart_at_receive,"ax",%progbits
 572              		.align	1
 573              		.syntax unified
 574              		.thumb
 575              		.thumb_func
 576              		.fpu fpv4-sp-d16
 578              	uart_at_receive:
 579              	.LFB291:
 198:d:/1/123123/uart_at\uart_at.c **** /*******************************************************************************
 199:d:/1/123123/uart_at\uart_at.c **** function     :use this function to read a frame from the uart
 200:d:/1/123123/uart_at\uart_at.c **** parameters   :
 201:d:/1/123123/uart_at\uart_at.c **** instruction  :
 202:d:/1/123123/uart_at\uart_at.c **** *******************************************************************************/
 203:d:/1/123123/uart_at\uart_at.c **** static ssize_t uart_at_receive(void *buf,size_t len,uint32_t timeout)
 204:d:/1/123123/uart_at\uart_at.c **** {
 580              		.loc 1 204 1
 581              		.cfi_startproc
 582              		@ args = 0, pretend = 0, frame = 32
 583              		@ frame_needed = 1, uses_anonymous_args = 0
 584 0000 80B5     		push	{r7, lr}
 585              	.LCFI21:
 586              		.cfi_def_cfa_offset 8
 587              		.cfi_offset 7, -8
 588              		.cfi_offset 14, -4
 589 0002 88B0     		sub	sp, sp, #32
 590              	.LCFI22:
 591              		.cfi_def_cfa_offset 40
 592 0004 00AF     		add	r7, sp, #0
 593              	.LCFI23:
 594              		.cfi_def_cfa_register 7
 595 0006 F860     		str	r0, [r7, #12]
 596 0008 B960     		str	r1, [r7, #8]
 597 000a 7A60     		str	r2, [r7, #4]
 205:d:/1/123123/uart_at\uart_at.c ****     unsigned short cpylen;
 206:d:/1/123123/uart_at\uart_at.c ****     unsigned short framelen;
 207:d:/1/123123/uart_at\uart_at.c ****     unsigned short readlen;
 208:d:/1/123123/uart_at\uart_at.c ****     int32_t ret = 0;
 598              		.loc 1 208 13
 599 000c 0023     		movs	r3, #0
 600 000e FB61     		str	r3, [r7, #28]
 209:d:/1/123123/uart_at\uart_at.c ****     unsigned int lock;
 210:d:/1/123123/uart_at\uart_at.c ****     if(osal_semp_pend(g_atio_cb.rcvsync,timeout))
 601              		.loc 1 210 8
 602 0010 324B     		ldr	r3, .L32
 603 0012 5B68     		ldr	r3, [r3, #4]
 604 0014 7968     		ldr	r1, [r7, #4]
 605 0016 1846     		mov	r0, r3
 606 0018 FFF7FEFF 		bl	osal_semp_pend
ARM GAS  C:\Users\SORA\AppData\Local\Temp\ccdhblIP.s 			page 16


 607 001c 0346     		mov	r3, r0
 608              		.loc 1 210 7
 609 001e 002B     		cmp	r3, #0
 610 0020 56D0     		beq	.L26
 211:d:/1/123123/uart_at\uart_at.c ****     {
 212:d:/1/123123/uart_at\uart_at.c ****         lock = LOS_IntLock();
 611              		.loc 1 212 16
 612 0022 FFF7FEFF 		bl	LOS_IntLock
 613 0026 B861     		str	r0, [r7, #24]
 213:d:/1/123123/uart_at\uart_at.c ****         readlen = sizeof(framelen);
 614              		.loc 1 213 17
 615 0028 0223     		movs	r3, #2
 616 002a FB82     		strh	r3, [r7, #22]	@ movhi
 214:d:/1/123123/uart_at\uart_at.c ****         cpylen = ring_buffer_read(&g_atio_cb.rcvring,(unsigned char *)&framelen,readlen);
 617              		.loc 1 214 18
 618 002c FA8A     		ldrh	r2, [r7, #22]
 619 002e 07F11203 		add	r3, r7, #18
 620 0032 1946     		mov	r1, r3
 621 0034 2A48     		ldr	r0, .L32+4
 622 0036 FFF7FEFF 		bl	ring_buffer_read
 623 003a 0346     		mov	r3, r0
 624              		.loc 1 214 16
 625 003c BB82     		strh	r3, [r7, #20]	@ movhi
 215:d:/1/123123/uart_at\uart_at.c ****         if(cpylen != readlen)
 626              		.loc 1 215 11
 627 003e BA8A     		ldrh	r2, [r7, #20]
 628 0040 FB8A     		ldrh	r3, [r7, #22]
 629 0042 9A42     		cmp	r2, r3
 630 0044 0ED0     		beq	.L27
 216:d:/1/123123/uart_at\uart_at.c ****         {
 217:d:/1/123123/uart_at\uart_at.c ****             ring_buffer_reset(&g_atio_cb.rcvring);  //bad ring format here
 631              		.loc 1 217 13
 632 0046 2648     		ldr	r0, .L32+4
 633 0048 FFF7FEFF 		bl	ring_buffer_reset
 218:d:/1/123123/uart_at\uart_at.c ****             g_atio_cb.rcvringrst++;
 634              		.loc 1 218 22
 635 004c 234B     		ldr	r3, .L32
 636 004e 03F58153 		add	r3, r3, #4128
 637 0052 1033     		adds	r3, r3, #16
 638 0054 1B68     		ldr	r3, [r3]
 639              		.loc 1 218 33
 640 0056 5A1C     		adds	r2, r3, #1
 641 0058 204B     		ldr	r3, .L32
 642 005a 03F58153 		add	r3, r3, #4128
 643 005e 1033     		adds	r3, r3, #16
 644 0060 1A60     		str	r2, [r3]
 645 0062 32E0     		b	.L28
 646              	.L27:
 219:d:/1/123123/uart_at\uart_at.c ****         }
 220:d:/1/123123/uart_at\uart_at.c ****         else
 221:d:/1/123123/uart_at\uart_at.c ****         {
 222:d:/1/123123/uart_at\uart_at.c ****             if(framelen > len)
 647              		.loc 1 222 25
 648 0064 7B8A     		ldrh	r3, [r7, #18]
 649 0066 1A46     		mov	r2, r3
 650              		.loc 1 222 15
 651 0068 BB68     		ldr	r3, [r7, #8]
ARM GAS  C:\Users\SORA\AppData\Local\Temp\ccdhblIP.s 			page 17


 652 006a 9342     		cmp	r3, r2
 653 006c 0ED2     		bcs	.L29
 223:d:/1/123123/uart_at\uart_at.c ****             {
 224:d:/1/123123/uart_at\uart_at.c ****                 ring_buffer_reset(&g_atio_cb.rcvring);  //bad ring format here
 654              		.loc 1 224 17
 655 006e 1C48     		ldr	r0, .L32+4
 656 0070 FFF7FEFF 		bl	ring_buffer_reset
 225:d:/1/123123/uart_at\uart_at.c ****                 g_atio_cb.rcvringrst++;
 657              		.loc 1 225 26
 658 0074 194B     		ldr	r3, .L32
 659 0076 03F58153 		add	r3, r3, #4128
 660 007a 1033     		adds	r3, r3, #16
 661 007c 1B68     		ldr	r3, [r3]
 662              		.loc 1 225 37
 663 007e 5A1C     		adds	r2, r3, #1
 664 0080 164B     		ldr	r3, .L32
 665 0082 03F58153 		add	r3, r3, #4128
 666 0086 1033     		adds	r3, r3, #16
 667 0088 1A60     		str	r2, [r3]
 668 008a 1EE0     		b	.L28
 669              	.L29:
 226:d:/1/123123/uart_at\uart_at.c ****             }
 227:d:/1/123123/uart_at\uart_at.c ****             else
 228:d:/1/123123/uart_at\uart_at.c ****             {
 229:d:/1/123123/uart_at\uart_at.c ****                 readlen = framelen;
 670              		.loc 1 229 25
 671 008c 7B8A     		ldrh	r3, [r7, #18]	@ movhi
 672 008e FB82     		strh	r3, [r7, #22]	@ movhi
 230:d:/1/123123/uart_at\uart_at.c ****                 cpylen = ring_buffer_read(&g_atio_cb.rcvring,(unsigned char *)buf,readlen);
 673              		.loc 1 230 26
 674 0090 FB8A     		ldrh	r3, [r7, #22]
 675 0092 1A46     		mov	r2, r3
 676 0094 F968     		ldr	r1, [r7, #12]
 677 0096 1248     		ldr	r0, .L32+4
 678 0098 FFF7FEFF 		bl	ring_buffer_read
 679 009c 0346     		mov	r3, r0
 680              		.loc 1 230 24
 681 009e BB82     		strh	r3, [r7, #20]	@ movhi
 231:d:/1/123123/uart_at\uart_at.c ****                 if(cpylen != framelen)
 682              		.loc 1 231 27
 683 00a0 7B8A     		ldrh	r3, [r7, #18]
 684              		.loc 1 231 19
 685 00a2 BA8A     		ldrh	r2, [r7, #20]
 686 00a4 9A42     		cmp	r2, r3
 687 00a6 0ED0     		beq	.L30
 232:d:/1/123123/uart_at\uart_at.c ****                 {
 233:d:/1/123123/uart_at\uart_at.c ****                     ring_buffer_reset(&g_atio_cb.rcvring);  //bad ring format here
 688              		.loc 1 233 21
 689 00a8 0D48     		ldr	r0, .L32+4
 690 00aa FFF7FEFF 		bl	ring_buffer_reset
 234:d:/1/123123/uart_at\uart_at.c ****                     g_atio_cb.rcvringrst++;
 691              		.loc 1 234 30
 692 00ae 0B4B     		ldr	r3, .L32
 693 00b0 03F58153 		add	r3, r3, #4128
 694 00b4 1033     		adds	r3, r3, #16
 695 00b6 1B68     		ldr	r3, [r3]
 696              		.loc 1 234 41
ARM GAS  C:\Users\SORA\AppData\Local\Temp\ccdhblIP.s 			page 18


 697 00b8 5A1C     		adds	r2, r3, #1
 698 00ba 084B     		ldr	r3, .L32
 699 00bc 03F58153 		add	r3, r3, #4128
 700 00c0 1033     		adds	r3, r3, #16
 701 00c2 1A60     		str	r2, [r3]
 702 00c4 01E0     		b	.L28
 703              	.L30:
 235:d:/1/123123/uart_at\uart_at.c ****                 }
 236:d:/1/123123/uart_at\uart_at.c ****                 else
 237:d:/1/123123/uart_at\uart_at.c ****                 {
 238:d:/1/123123/uart_at\uart_at.c ****                     ret = cpylen;
 704              		.loc 1 238 25
 705 00c6 BB8A     		ldrh	r3, [r7, #20]
 706 00c8 FB61     		str	r3, [r7, #28]
 707              	.L28:
 239:d:/1/123123/uart_at\uart_at.c ****                 }
 240:d:/1/123123/uart_at\uart_at.c ****             }
 241:d:/1/123123/uart_at\uart_at.c ****         }
 242:d:/1/123123/uart_at\uart_at.c ****         LOS_IntRestore(lock);
 708              		.loc 1 242 9
 709 00ca B869     		ldr	r0, [r7, #24]
 710 00cc FFF7FEFF 		bl	LOS_IntRestore
 711              	.L26:
 243:d:/1/123123/uart_at\uart_at.c ****     }
 244:d:/1/123123/uart_at\uart_at.c ****     return ret;
 712              		.loc 1 244 12
 713 00d0 FB69     		ldr	r3, [r7, #28]
 245:d:/1/123123/uart_at\uart_at.c **** }
 714              		.loc 1 245 1
 715 00d2 1846     		mov	r0, r3
 716 00d4 2037     		adds	r7, r7, #32
 717              	.LCFI24:
 718              		.cfi_def_cfa_offset 8
 719 00d6 BD46     		mov	sp, r7
 720              	.LCFI25:
 721              		.cfi_def_cfa_register 13
 722              		@ sp needed
 723 00d8 80BD     		pop	{r7, pc}
 724              	.L33:
 725 00da 00BF     		.align	2
 726              	.L32:
 727 00dc 00000000 		.word	g_atio_cb
 728 00e0 08000000 		.word	g_atio_cb+8
 729              		.cfi_endproc
 730              	.LFE291:
 732              		.section	.text.__at_read,"ax",%progbits
 733              		.align	1
 734              		.syntax unified
 735              		.thumb
 736              		.thumb_func
 737              		.fpu fpv4-sp-d16
 739              	__at_read:
 740              	.LFB292:
 246:d:/1/123123/uart_at\uart_at.c **** 
 247:d:/1/123123/uart_at\uart_at.c **** //make it as the at device here
 248:d:/1/123123/uart_at\uart_at.c **** static ssize_t  __at_read  (void *pri,size_t offset,void *buf,size_t len, uint32_t timeout)
 249:d:/1/123123/uart_at\uart_at.c **** {
ARM GAS  C:\Users\SORA\AppData\Local\Temp\ccdhblIP.s 			page 19


 741              		.loc 1 249 1
 742              		.cfi_startproc
 743              		@ args = 4, pretend = 0, frame = 16
 744              		@ frame_needed = 1, uses_anonymous_args = 0
 745 0000 80B5     		push	{r7, lr}
 746              	.LCFI26:
 747              		.cfi_def_cfa_offset 8
 748              		.cfi_offset 7, -8
 749              		.cfi_offset 14, -4
 750 0002 84B0     		sub	sp, sp, #16
 751              	.LCFI27:
 752              		.cfi_def_cfa_offset 24
 753 0004 00AF     		add	r7, sp, #0
 754              	.LCFI28:
 755              		.cfi_def_cfa_register 7
 756 0006 F860     		str	r0, [r7, #12]
 757 0008 B960     		str	r1, [r7, #8]
 758 000a 7A60     		str	r2, [r7, #4]
 759 000c 3B60     		str	r3, [r7]
 250:d:/1/123123/uart_at\uart_at.c ****     return uart_at_receive(buf,len, timeout);
 760              		.loc 1 250 12
 761 000e BA69     		ldr	r2, [r7, #24]
 762 0010 3968     		ldr	r1, [r7]
 763 0012 7868     		ldr	r0, [r7, #4]
 764 0014 FFF7FEFF 		bl	uart_at_receive
 765 0018 0346     		mov	r3, r0
 251:d:/1/123123/uart_at\uart_at.c **** 
 252:d:/1/123123/uart_at\uart_at.c **** }
 766              		.loc 1 252 1
 767 001a 1846     		mov	r0, r3
 768 001c 1037     		adds	r7, r7, #16
 769              	.LCFI29:
 770              		.cfi_def_cfa_offset 8
 771 001e BD46     		mov	sp, r7
 772              	.LCFI30:
 773              		.cfi_def_cfa_register 13
 774              		@ sp needed
 775 0020 80BD     		pop	{r7, pc}
 776              		.cfi_endproc
 777              	.LFE292:
 779              		.section	.text.__at_write,"ax",%progbits
 780              		.align	1
 781              		.syntax unified
 782              		.thumb
 783              		.thumb_func
 784              		.fpu fpv4-sp-d16
 786              	__at_write:
 787              	.LFB293:
 253:d:/1/123123/uart_at\uart_at.c **** static ssize_t  __at_write (void *pri, size_t offset,const void *buf,size_t len,uint32_t timeout)
 254:d:/1/123123/uart_at\uart_at.c **** {
 788              		.loc 1 254 1
 789              		.cfi_startproc
 790              		@ args = 4, pretend = 0, frame = 16
 791              		@ frame_needed = 1, uses_anonymous_args = 0
 792 0000 80B5     		push	{r7, lr}
 793              	.LCFI31:
 794              		.cfi_def_cfa_offset 8
ARM GAS  C:\Users\SORA\AppData\Local\Temp\ccdhblIP.s 			page 20


 795              		.cfi_offset 7, -8
 796              		.cfi_offset 14, -4
 797 0002 84B0     		sub	sp, sp, #16
 798              	.LCFI32:
 799              		.cfi_def_cfa_offset 24
 800 0004 00AF     		add	r7, sp, #0
 801              	.LCFI33:
 802              		.cfi_def_cfa_register 7
 803 0006 F860     		str	r0, [r7, #12]
 804 0008 B960     		str	r1, [r7, #8]
 805 000a 7A60     		str	r2, [r7, #4]
 806 000c 3B60     		str	r3, [r7]
 255:d:/1/123123/uart_at\uart_at.c ****     return uart_at_send(buf, len, timeout);
 807              		.loc 1 255 12
 808 000e BA69     		ldr	r2, [r7, #24]
 809 0010 3968     		ldr	r1, [r7]
 810 0012 7868     		ldr	r0, [r7, #4]
 811 0014 FFF7FEFF 		bl	uart_at_send
 812 0018 0346     		mov	r3, r0
 256:d:/1/123123/uart_at\uart_at.c **** 
 257:d:/1/123123/uart_at\uart_at.c **** }
 813              		.loc 1 257 1
 814 001a 1846     		mov	r0, r3
 815 001c 1037     		adds	r7, r7, #16
 816              	.LCFI34:
 817              		.cfi_def_cfa_offset 8
 818 001e BD46     		mov	sp, r7
 819              	.LCFI35:
 820              		.cfi_def_cfa_register 13
 821              		@ sp needed
 822 0020 80BD     		pop	{r7, pc}
 823              		.cfi_endproc
 824              	.LFE293:
 826              		.section	.rodata.s_at_op,"a"
 827              		.align	2
 830              	s_at_op:
 831 0000 00000000 		.space	4
 832 0004 00000000 		.word	__at_read
 833 0008 00000000 		.word	__at_write
 834 000c 00000000 		.space	12
 834      00000000 
 834      00000000 
 835 0018 00000000 		.word	uart_at_init
 836 001c 00000000 		.word	uart_at_deinit
 837              		.section	.rodata
 838 0036 0000     		.align	2
 839              	.LC2:
 840 0038 61746465 		.ascii	"atdev\000"
 840      7600
 841              		.section	osdriv,"a"
 842              		.align	2
 845              	uart_at_driv:
 846 0000 38000000 		.word	.LC2
 847 0004 00000000 		.word	s_at_op
 848 0008 00000000 		.word	0
 849 000c 02000000 		.word	2
 850              		.section	.rodata.__FUNCTION__.11399,"a"
ARM GAS  C:\Users\SORA\AppData\Local\Temp\ccdhblIP.s 			page 21


 851              		.align	2
 854              	__FUNCTION__.11399:
 855 0000 75617274 		.ascii	"uart_at_init\000"
 855      5F61745F 
 855      696E6974 
 855      00
 856              		.text
 857              	.Letext0:
 858              		.file 2 "c:\\program files (x86)\\gnu tools arm embedded\\9 2019-q4-major\\lib\\gcc\\arm-none-eabi
 859              		.file 3 "c:\\program files (x86)\\gnu tools arm embedded\\9 2019-q4-major\\arm-none-eabi\\include\
 860              		.file 4 "c:\\program files (x86)\\gnu tools arm embedded\\9 2019-q4-major\\arm-none-eabi\\include\
 861              		.file 5 "c:\\program files (x86)\\gnu tools arm embedded\\9 2019-q4-major\\arm-none-eabi\\include\
 862              		.file 6 "c:\\program files (x86)\\gnu tools arm embedded\\9 2019-q4-major\\arm-none-eabi\\include\
 863              		.file 7 "C:/Users/SORA/.iotlink/sdk/IoT_LINK/iot_link/os/liteos/include/los_typedef.h"
 864              		.file 8 "c:\\program files (x86)\\gnu tools arm embedded\\9 2019-q4-major\\arm-none-eabi\\include\
 865              		.file 9 "C:/Users/SORA/.iotlink/sdk/IoT_LINK/iot_link/os/liteos/arch/arm/common/cmsis/core_cm4.h"
 866              		.file 10 "d:/1/123123/Inc/system_stm32l4xx.h"
 867              		.file 11 "d:/1/123123/Inc/stm32l431xx.h"
 868              		.file 12 "d:/1/123123/Inc/stm32l4xx.h"
 869              		.file 13 "C:/Users/SORA/.iotlink/sdk/IoT_LINK/iot_link/os/liteos/include/los_config.h"
 870              		.file 14 "C:/Users/SORA/.iotlink/sdk/IoT_LINK/iot_link/os/liteos/include/los_err.h"
 871              		.file 15 "C:/Users/SORA/.iotlink/sdk/IoT_LINK/iot_link/os/liteos/arch/arm/arm-m/include/los_hwi.h"
 872              		.file 16 "c:\\program files (x86)\\gnu tools arm embedded\\9 2019-q4-major\\arm-none-eabi\\include
 873              		.file 17 "C:/Users/SORA/.iotlink/sdk/IoT_LINK/drivers/third_party/ST/STM32L4xx_HAL_Driver/Inc/stm3
 874              		.file 18 "C:/Users/SORA/.iotlink/sdk/IoT_LINK/drivers/third_party/ST/STM32L4xx_HAL_Driver/Inc/stm3
 875              		.file 19 "C:/Users/SORA/.iotlink/sdk/IoT_LINK/drivers/third_party/ST/STM32L4xx_HAL_Driver/Inc/stm3
 876              		.file 20 "d:/1/123123/Inc/usart.h"
 877              		.file 21 "C:/Users/SORA/.iotlink/sdk/IoT_LINK/iot_link/link_misc/link_misc.h"
 878              		.file 22 "C:/Users/SORA/.iotlink/sdk/IoT_LINK/iot_link/os/osal/osal_types.h"
 879              		.file 23 "C:/Users/SORA/.iotlink/sdk/IoT_LINK/iot_link/driver/driver.h"
 880              		.file 24 "c:\\program files (x86)\\gnu tools arm embedded\\9 2019-q4-major\\arm-none-eabi\\include
ARM GAS  C:\Users\SORA\AppData\Local\Temp\ccdhblIP.s 			page 22


DEFINED SYMBOLS
                            *ABS*:00000000 uart_at.c
                            *COM*:00000078 uart_at
C:\Users\SORA\AppData\Local\Temp\ccdhblIP.s:19     .data.s_pUSART:00000000 $d
C:\Users\SORA\AppData\Local\Temp\ccdhblIP.s:22     .data.s_pUSART:00000000 s_pUSART
C:\Users\SORA\AppData\Local\Temp\ccdhblIP.s:25     .data.s_uwIRQn:00000000 $d
C:\Users\SORA\AppData\Local\Temp\ccdhblIP.s:28     .data.s_uwIRQn:00000000 s_uwIRQn
C:\Users\SORA\AppData\Local\Temp\ccdhblIP.s:31     .bss.g_atio_cb:00000000 $d
C:\Users\SORA\AppData\Local\Temp\ccdhblIP.s:34     .bss.g_atio_cb:00000000 g_atio_cb
C:\Users\SORA\AppData\Local\Temp\ccdhblIP.s:37     .text.atio_irq:00000000 $t
C:\Users\SORA\AppData\Local\Temp\ccdhblIP.s:44     .text.atio_irq:00000000 atio_irq
C:\Users\SORA\AppData\Local\Temp\ccdhblIP.s:248    .text.atio_irq:0000012c $d
C:\Users\SORA\AppData\Local\Temp\ccdhblIP.s:256    .rodata:00000000 $d
C:\Users\SORA\AppData\Local\Temp\ccdhblIP.s:263    .text.uart_at_init:00000000 $t
C:\Users\SORA\AppData\Local\Temp\ccdhblIP.s:270    .text.uart_at_init:00000000 uart_at_init
C:\Users\SORA\AppData\Local\Temp\ccdhblIP.s:412    .text.uart_at_init:000000d4 $d
C:\Users\SORA\AppData\Local\Temp\ccdhblIP.s:854    .rodata.__FUNCTION__.11399:00000000 __FUNCTION__.11399
C:\Users\SORA\AppData\Local\Temp\ccdhblIP.s:427    .text.uart_at_deinit:00000000 $t
C:\Users\SORA\AppData\Local\Temp\ccdhblIP.s:434    .text.uart_at_deinit:00000000 uart_at_deinit
C:\Users\SORA\AppData\Local\Temp\ccdhblIP.s:493    .text.uart_at_deinit:00000044 $d
C:\Users\SORA\AppData\Local\Temp\ccdhblIP.s:498    .text.uart_at_send:00000000 $t
C:\Users\SORA\AppData\Local\Temp\ccdhblIP.s:504    .text.uart_at_send:00000000 uart_at_send
C:\Users\SORA\AppData\Local\Temp\ccdhblIP.s:566    .text.uart_at_send:00000050 $d
C:\Users\SORA\AppData\Local\Temp\ccdhblIP.s:572    .text.uart_at_receive:00000000 $t
C:\Users\SORA\AppData\Local\Temp\ccdhblIP.s:578    .text.uart_at_receive:00000000 uart_at_receive
C:\Users\SORA\AppData\Local\Temp\ccdhblIP.s:727    .text.uart_at_receive:000000dc $d
C:\Users\SORA\AppData\Local\Temp\ccdhblIP.s:733    .text.__at_read:00000000 $t
C:\Users\SORA\AppData\Local\Temp\ccdhblIP.s:739    .text.__at_read:00000000 __at_read
C:\Users\SORA\AppData\Local\Temp\ccdhblIP.s:780    .text.__at_write:00000000 $t
C:\Users\SORA\AppData\Local\Temp\ccdhblIP.s:786    .text.__at_write:00000000 __at_write
C:\Users\SORA\AppData\Local\Temp\ccdhblIP.s:827    .rodata.s_at_op:00000000 $d
C:\Users\SORA\AppData\Local\Temp\ccdhblIP.s:830    .rodata.s_at_op:00000000 s_at_op
C:\Users\SORA\AppData\Local\Temp\ccdhblIP.s:842    osdriv:00000000 $d
C:\Users\SORA\AppData\Local\Temp\ccdhblIP.s:845    osdriv:00000000 uart_at_driv
C:\Users\SORA\AppData\Local\Temp\ccdhblIP.s:851    .rodata.__FUNCTION__.11399:00000000 $d

UNDEFINED SYMBOLS
ring_buffer_datalen
ring_buffer_write
osal_semp_post
memset
osal_semp_create
printf
ring_buffer_init
HAL_UART_Init
_Error_Handler
LOS_HwiCreate
HAL_UART_Transmit
osal_semp_pend
LOS_IntLock
ring_buffer_read
ring_buffer_reset
LOS_IntRestore
