ARM GAS  C:\Users\SORA\AppData\Local\Temp\ccl4Gter.s 			page 1


   1              		.cpu cortex-m4
   2              		.eabi_attribute 27, 1
   3              		.eabi_attribute 28, 1
   4              		.eabi_attribute 20, 1
   5              		.eabi_attribute 21, 1
   6              		.eabi_attribute 23, 3
   7              		.eabi_attribute 24, 1
   8              		.eabi_attribute 25, 1
   9              		.eabi_attribute 26, 1
  10              		.eabi_attribute 30, 6
  11              		.eabi_attribute 34, 1
  12              		.eabi_attribute 18, 4
  13              		.file	"hello_world_demo.c"
  14              		.text
  15              	.Ltext0:
  16              		.cfi_sections	.debug_frame
  17              		.comm	Tem,4,4
  18              		.section	.bss.s_rcv_buffer,"aw",%nobits
  19              		.align	2
  22              	s_rcv_buffer:
  23 0000 00000000 		.space	512
  23      00000000 
  23      00000000 
  23      00000000 
  23      00000000 
  24              		.section	.bss.s_rcv_datalen,"aw",%nobits
  25              		.align	2
  28              	s_rcv_datalen:
  29 0000 00000000 		.space	4
  30              		.section	.bss.s_rcv_sync,"aw",%nobits
  31              		.align	2
  34              	s_rcv_sync:
  35 0000 00000000 		.space	4
  36              		.section	.rodata
  37              		.align	2
  38              	.LC0:
  39 0000 3131392E 		.ascii	"119.3.250.80\000"
  39      332E3235 
  39      302E3830 
  39      00
  40 000d 000000   		.align	2
  41              	.LC1:
  42 0010 35363833 		.ascii	"5683\000"
  42      00
  43 0015 000000   		.align	2
  44              	.LC2:
  45 0018 38363737 		.ascii	"867725036001737\000"
  45      32353033 
  45      36303031 
  45      37333700 
  46              		.section	.text.app_report_task_entry,"ax",%progbits
  47              		.align	1
  48              		.arch armv7e-m
  49              		.syntax unified
  50              		.thumb
  51              		.thumb_func
  52              		.fpu fpv4-sp-d16
ARM GAS  C:\Users\SORA\AppData\Local\Temp\ccl4Gter.s 			page 2


  54              	app_report_task_entry:
  55              	.LFB287:
  56              		.file 1 "d:/1/123123/Demos/hello_world_demo/hello_world_demo.c"
   1:d:/1/123123/Demos/hello_world_demo\hello_world_demo.c **** /*----------------------------------------------------------------------------
   2:d:/1/123123/Demos/hello_world_demo\hello_world_demo.c ****  * Copyright (c) <2018>, <Huawei Technologies Co., Ltd>
   3:d:/1/123123/Demos/hello_world_demo\hello_world_demo.c ****  * All rights reserved.
   4:d:/1/123123/Demos/hello_world_demo\hello_world_demo.c ****  * Redistribution and use in source and binary forms, with or without modification,
   5:d:/1/123123/Demos/hello_world_demo\hello_world_demo.c ****  * are permitted provided that the following conditions are met:
   6:d:/1/123123/Demos/hello_world_demo\hello_world_demo.c ****  * 1. Redistributions of source code must retain the above copyright notice, this list of
   7:d:/1/123123/Demos/hello_world_demo\hello_world_demo.c ****  * conditions and the following disclaimer.
   8:d:/1/123123/Demos/hello_world_demo\hello_world_demo.c ****  * 2. Redistributions in binary form must reproduce the above copyright notice, this list
   9:d:/1/123123/Demos/hello_world_demo\hello_world_demo.c ****  * of conditions and the following disclaimer in the documentation and/or other materials
  10:d:/1/123123/Demos/hello_world_demo\hello_world_demo.c ****  * provided with the distribution.
  11:d:/1/123123/Demos/hello_world_demo\hello_world_demo.c ****  * 3. Neither the name of the copyright holder nor the names of its contributors may be used
  12:d:/1/123123/Demos/hello_world_demo\hello_world_demo.c ****  * to endorse or promote products derived from this software without specific prior written
  13:d:/1/123123/Demos/hello_world_demo\hello_world_demo.c ****  * permission.
  14:d:/1/123123/Demos/hello_world_demo\hello_world_demo.c ****  * THIS SOFTWARE IS PROVIDED BY THE COPYRIGHT HOLDERS AND CONTRIBUTORS
  15:d:/1/123123/Demos/hello_world_demo\hello_world_demo.c ****  * "AS IS" AND ANY EXPRESS OR IMPLIED WARRANTIES, INCLUDING, BUT NOT LIMITED TO,
  16:d:/1/123123/Demos/hello_world_demo\hello_world_demo.c ****  * THE IMPLIED WARRANTIES OF MERCHANTABILITY AND FITNESS FOR A PARTICULAR
  17:d:/1/123123/Demos/hello_world_demo\hello_world_demo.c ****  * PURPOSE ARE DISCLAIMED. IN NO EVENT SHALL THE COPYRIGHT HOLDER OR
  18:d:/1/123123/Demos/hello_world_demo\hello_world_demo.c ****  * CONTRIBUTORS BE LIABLE FOR ANY DIRECT, INDIRECT, INCIDENTAL, SPECIAL,
  19:d:/1/123123/Demos/hello_world_demo\hello_world_demo.c ****  * EXEMPLARY, OR CONSEQUENTIAL DAMAGES (INCLUDING, BUT NOT LIMITED TO,
  20:d:/1/123123/Demos/hello_world_demo\hello_world_demo.c ****  * PROCUREMENT OF SUBSTITUTE GOODS OR SERVICES; LOSS OF USE, DATA, OR PROFITS;
  21:d:/1/123123/Demos/hello_world_demo\hello_world_demo.c ****  * OR BUSINESS INTERRUPTION) HOWEVER CAUSED AND ON ANY THEORY OF LIABILITY,
  22:d:/1/123123/Demos/hello_world_demo\hello_world_demo.c ****  * WHETHER IN CONTRACT, STRICT LIABILITY, OR TORT (INCLUDING NEGLIGENCE OR
  23:d:/1/123123/Demos/hello_world_demo\hello_world_demo.c ****  * OTHERWISE) ARISING IN ANY WAY OUT OF THE USE OF THIS SOFTWARE, EVEN IF
  24:d:/1/123123/Demos/hello_world_demo\hello_world_demo.c ****  * ADVISED OF THE POSSIBILITY OF SUCH DAMAGE.
  25:d:/1/123123/Demos/hello_world_demo\hello_world_demo.c ****  *---------------------------------------------------------------------------*/
  26:d:/1/123123/Demos/hello_world_demo\hello_world_demo.c **** /*----------------------------------------------------------------------------
  27:d:/1/123123/Demos/hello_world_demo\hello_world_demo.c ****  * Notice of Export Control Law
  28:d:/1/123123/Demos/hello_world_demo\hello_world_demo.c ****  * ===============================================
  29:d:/1/123123/Demos/hello_world_demo\hello_world_demo.c ****  * Huawei LiteOS may be subject to applicable export control laws and regulations, which might
  30:d:/1/123123/Demos/hello_world_demo\hello_world_demo.c ****  * include those applicable to Huawei LiteOS of U.S. and the country in which you are located.
  31:d:/1/123123/Demos/hello_world_demo\hello_world_demo.c ****  * Import, export and usage of Huawei LiteOS in any manner by you shall be in compliance with such
  32:d:/1/123123/Demos/hello_world_demo\hello_world_demo.c ****  * applicable export control laws and regulations.
  33:d:/1/123123/Demos/hello_world_demo\hello_world_demo.c ****  *---------------------------------------------------------------------------*/
  34:d:/1/123123/Demos/hello_world_demo\hello_world_demo.c **** /**
  35:d:/1/123123/Demos/hello_world_demo\hello_world_demo.c ****  *  DATE                AUTHOR      INSTRUCTION
  36:d:/1/123123/Demos/hello_world_demo\hello_world_demo.c ****  *  2019-07-23 10:00    yuhengP    The first version  
  37:d:/1/123123/Demos/hello_world_demo\hello_world_demo.c ****  *
  38:d:/1/123123/Demos/hello_world_demo\hello_world_demo.c ****  */
  39:d:/1/123123/Demos/hello_world_demo\hello_world_demo.c **** #include <stdint.h>
  40:d:/1/123123/Demos/hello_world_demo\hello_world_demo.c **** #include <stddef.h>
  41:d:/1/123123/Demos/hello_world_demo\hello_world_demo.c **** #include <string.h>
  42:d:/1/123123/Demos/hello_world_demo\hello_world_demo.c **** #include <osal.h>
  43:d:/1/123123/Demos/hello_world_demo\hello_world_demo.c **** #include <oc_lwm2m_al.h>
  44:d:/1/123123/Demos/hello_world_demo\hello_world_demo.c **** #include <link_endian.h>
  45:d:/1/123123/Demos/hello_world_demo\hello_world_demo.c **** #include "i2c.h"
  46:d:/1/123123/Demos/hello_world_demo\hello_world_demo.c **** #include "mlx90614.h"
  47:d:/1/123123/Demos/hello_world_demo\hello_world_demo.c **** 
  48:d:/1/123123/Demos/hello_world_demo\hello_world_demo.c **** #define cn_endpoint_id        "867725036001737"
  49:d:/1/123123/Demos/hello_world_demo\hello_world_demo.c **** #define cn_app_server         "119.3.250.80"
  50:d:/1/123123/Demos/hello_world_demo\hello_world_demo.c **** #define cn_app_port           "5683"
  51:d:/1/123123/Demos/hello_world_demo\hello_world_demo.c **** 
  52:d:/1/123123/Demos/hello_world_demo\hello_world_demo.c **** #define cn_app_Mlx90614 0x0
  53:d:/1/123123/Demos/hello_world_demo\hello_world_demo.c **** 
  54:d:/1/123123/Demos/hello_world_demo\hello_world_demo.c **** #pragma pack(1)
ARM GAS  C:\Users\SORA\AppData\Local\Temp\ccl4Gter.s 			page 3


  55:d:/1/123123/Demos/hello_world_demo\hello_world_demo.c **** float    Tem;
  56:d:/1/123123/Demos/hello_world_demo\hello_world_demo.c **** typedef struct
  57:d:/1/123123/Demos/hello_world_demo\hello_world_demo.c **** {
  58:d:/1/123123/Demos/hello_world_demo\hello_world_demo.c ****     int8_t messageId;
  59:d:/1/123123/Demos/hello_world_demo\hello_world_demo.c ****     int16_t Tem;
  60:d:/1/123123/Demos/hello_world_demo\hello_world_demo.c **** } tag_app_Mlx90614;
  61:d:/1/123123/Demos/hello_world_demo\hello_world_demo.c **** 
  62:d:/1/123123/Demos/hello_world_demo\hello_world_demo.c **** #define cn_app_rcv_buf_len 128
  63:d:/1/123123/Demos/hello_world_demo\hello_world_demo.c **** static int             s_rcv_buffer[cn_app_rcv_buf_len];
  64:d:/1/123123/Demos/hello_world_demo\hello_world_demo.c **** static int             s_rcv_datalen;
  65:d:/1/123123/Demos/hello_world_demo\hello_world_demo.c **** static osal_semp_t     s_rcv_sync;
  66:d:/1/123123/Demos/hello_world_demo\hello_world_demo.c **** 
  67:d:/1/123123/Demos/hello_world_demo\hello_world_demo.c **** 
  68:d:/1/123123/Demos/hello_world_demo\hello_world_demo.c **** static int app_report_task_entry()
  69:d:/1/123123/Demos/hello_world_demo\hello_world_demo.c **** {
  57              		.loc 1 69 1
  58              		.cfi_startproc
  59              		@ args = 0, pretend = 0, frame = 72
  60              		@ frame_needed = 1, uses_anonymous_args = 0
  61 0000 80B5     		push	{r7, lr}
  62              	.LCFI0:
  63              		.cfi_def_cfa_offset 8
  64              		.cfi_offset 7, -8
  65              		.cfi_offset 14, -4
  66 0002 92B0     		sub	sp, sp, #72
  67              	.LCFI1:
  68              		.cfi_def_cfa_offset 80
  69 0004 00AF     		add	r7, sp, #0
  70              	.LCFI2:
  71              		.cfi_def_cfa_register 7
  70:d:/1/123123/Demos/hello_world_demo\hello_world_demo.c ****     int ret = -1;
  72              		.loc 1 70 9
  73 0006 4FF0FF33 		mov	r3, #-1
  74 000a 7B64     		str	r3, [r7, #68]
  71:d:/1/123123/Demos/hello_world_demo\hello_world_demo.c **** 
  72:d:/1/123123/Demos/hello_world_demo\hello_world_demo.c ****     oc_config_param_t      oc_param;
  73:d:/1/123123/Demos/hello_world_demo\hello_world_demo.c ****     tag_app_Mlx90614 mlx90614info;
  74:d:/1/123123/Demos/hello_world_demo\hello_world_demo.c **** 
  75:d:/1/123123/Demos/hello_world_demo\hello_world_demo.c ****     (void) memset(&oc_param,0,sizeof(oc_param));
  75              		.loc 1 75 12
  76 000c 07F10803 		add	r3, r7, #8
  77 0010 3C22     		movs	r2, #60
  78 0012 0021     		movs	r1, #0
  79 0014 1846     		mov	r0, r3
  80 0016 FFF7FEFF 		bl	memset
  76:d:/1/123123/Demos/hello_world_demo\hello_world_demo.c **** 
  77:d:/1/123123/Demos/hello_world_demo\hello_world_demo.c ****     oc_param.app_server.address = cn_app_server;
  81              		.loc 1 77 33
  82 001a 174B     		ldr	r3, .L5
  83 001c BB62     		str	r3, [r7, #40]
  78:d:/1/123123/Demos/hello_world_demo\hello_world_demo.c ****     oc_param.app_server.port = cn_app_port;
  84              		.loc 1 78 30
  85 001e 174B     		ldr	r3, .L5+4
  86 0020 FB62     		str	r3, [r7, #44]
  79:d:/1/123123/Demos/hello_world_demo\hello_world_demo.c ****     oc_param.app_server.ep_id = cn_endpoint_id;
  87              		.loc 1 79 31
  88 0022 174B     		ldr	r3, .L5+8
ARM GAS  C:\Users\SORA\AppData\Local\Temp\ccl4Gter.s 			page 4


  89 0024 7B62     		str	r3, [r7, #36]
  80:d:/1/123123/Demos/hello_world_demo\hello_world_demo.c ****     oc_param.boot_mode = en_oc_boot_strap_mode_factory;
  90              		.loc 1 80 24
  91 0026 0023     		movs	r3, #0
  92 0028 3B72     		strb	r3, [r7, #8]
  81:d:/1/123123/Demos/hello_world_demo\hello_world_demo.c ****    // oc_param.rcv_func = app_msg_deal;
  82:d:/1/123123/Demos/hello_world_demo\hello_world_demo.c **** 
  83:d:/1/123123/Demos/hello_world_demo\hello_world_demo.c ****     ret = oc_lwm2m_config( &oc_param);
  93              		.loc 1 83 11
  94 002a 07F10803 		add	r3, r7, #8
  95 002e 1846     		mov	r0, r3
  96 0030 FFF7FEFF 		bl	oc_lwm2m_config
  97 0034 7864     		str	r0, [r7, #68]
  84:d:/1/123123/Demos/hello_world_demo\hello_world_demo.c ****     if (0 != ret)
  98              		.loc 1 84 8
  99 0036 7B6C     		ldr	r3, [r7, #68]
 100 0038 002B     		cmp	r3, #0
 101 003a 01D0     		beq	.L2
  85:d:/1/123123/Demos/hello_world_demo\hello_world_demo.c ****     {
  86:d:/1/123123/Demos/hello_world_demo\hello_world_demo.c ****     	return ret;
 102              		.loc 1 86 13
 103 003c 7B6C     		ldr	r3, [r7, #68]
 104 003e 17E0     		b	.L4
 105              	.L2:
  87:d:/1/123123/Demos/hello_world_demo\hello_world_demo.c ****     }
  88:d:/1/123123/Demos/hello_world_demo\hello_world_demo.c **** 
  89:d:/1/123123/Demos/hello_world_demo\hello_world_demo.c ****     //install a dealer for the led message received
  90:d:/1/123123/Demos/hello_world_demo\hello_world_demo.c ****     while(1) //--TODO ,you could add your own code here
  91:d:/1/123123/Demos/hello_world_demo\hello_world_demo.c ****     {
  92:d:/1/123123/Demos/hello_world_demo\hello_world_demo.c ****         mlx90614info.messageId = cn_app_Mlx90614;
 106              		.loc 1 92 32 discriminator 1
 107 0040 0023     		movs	r3, #0
 108 0042 3B71     		strb	r3, [r7, #4]
  93:d:/1/123123/Demos/hello_world_demo\hello_world_demo.c ****         mlx90614info.Tem = (int16_t)Tem;
 109              		.loc 1 93 28 discriminator 1
 110 0044 0F4B     		ldr	r3, .L5+12
 111 0046 D3ED007A 		vldr.32	s15, [r3]
 112 004a FDEEE77A 		vcvt.s32.f32	s15, s15
 113 004e 17EE903A 		vmov	r3, s15	@ int
 114 0052 1BB2     		sxth	r3, r3
 115              		.loc 1 93 26 discriminator 1
 116 0054 A7F80530 		strh	r3, [r7, #5]	@ unaligned
  94:d:/1/123123/Demos/hello_world_demo\hello_world_demo.c ****         oc_lwm2m_report( (char *)&mlx90614info, sizeof(mlx90614info), 1000);
 117              		.loc 1 94 9 discriminator 1
 118 0058 3B1D     		adds	r3, r7, #4
 119 005a 4FF47A72 		mov	r2, #1000
 120 005e 0321     		movs	r1, #3
 121 0060 1846     		mov	r0, r3
 122 0062 FFF7FEFF 		bl	oc_lwm2m_report
  95:d:/1/123123/Demos/hello_world_demo\hello_world_demo.c ****         osal_task_sleep(2*1000);
 123              		.loc 1 95 9 discriminator 1
 124 0066 4FF4FA60 		mov	r0, #2000
 125 006a FFF7FEFF 		bl	osal_task_sleep
  92:d:/1/123123/Demos/hello_world_demo\hello_world_demo.c ****         mlx90614info.Tem = (int16_t)Tem;
 126              		.loc 1 92 32 discriminator 1
 127 006e E7E7     		b	.L2
 128              	.L4:
ARM GAS  C:\Users\SORA\AppData\Local\Temp\ccl4Gter.s 			page 5


  96:d:/1/123123/Demos/hello_world_demo\hello_world_demo.c ****     }
  97:d:/1/123123/Demos/hello_world_demo\hello_world_demo.c ****     return ret;
  98:d:/1/123123/Demos/hello_world_demo\hello_world_demo.c **** }
 129              		.loc 1 98 1 discriminator 1
 130 0070 1846     		mov	r0, r3
 131 0072 4837     		adds	r7, r7, #72
 132              	.LCFI3:
 133              		.cfi_def_cfa_offset 8
 134 0074 BD46     		mov	sp, r7
 135              	.LCFI4:
 136              		.cfi_def_cfa_register 13
 137              		@ sp needed
 138 0076 80BD     		pop	{r7, pc}
 139              	.L6:
 140              		.align	2
 141              	.L5:
 142 0078 00000000 		.word	.LC0
 143 007c 10000000 		.word	.LC1
 144 0080 18000000 		.word	.LC2
 145 0084 00000000 		.word	Tem
 146              		.cfi_endproc
 147              	.LFE287:
 149              		.global	__aeabi_f2d
 150              		.section	.rodata
 151              		.align	2
 152              	.LC3:
 153 0028 74656D3A 		.ascii	"tem:%f\012\000"
 153      25660A00 
 154              		.section	.text.app_mlx90614_entry,"ax",%progbits
 155              		.align	1
 156              		.syntax unified
 157              		.thumb
 158              		.thumb_func
 159              		.fpu fpv4-sp-d16
 161              	app_mlx90614_entry:
 162              	.LFB288:
  99:d:/1/123123/Demos/hello_world_demo\hello_world_demo.c **** 
 100:d:/1/123123/Demos/hello_world_demo\hello_world_demo.c **** 
 101:d:/1/123123/Demos/hello_world_demo\hello_world_demo.c **** static int app_mlx90614_entry()
 102:d:/1/123123/Demos/hello_world_demo\hello_world_demo.c **** {
 163              		.loc 1 102 1
 164              		.cfi_startproc
 165              		@ args = 0, pretend = 0, frame = 0
 166              		@ frame_needed = 1, uses_anonymous_args = 0
 167 0000 80B5     		push	{r7, lr}
 168              	.LCFI5:
 169              		.cfi_def_cfa_offset 8
 170              		.cfi_offset 7, -8
 171              		.cfi_offset 14, -4
 172 0002 00AF     		add	r7, sp, #0
 173              	.LCFI6:
 174              		.cfi_def_cfa_register 7
 103:d:/1/123123/Demos/hello_world_demo\hello_world_demo.c ****     MX_I2C1_Init();
 175              		.loc 1 103 5
 176 0004 FFF7FEFF 		bl	MX_I2C1_Init
 104:d:/1/123123/Demos/hello_world_demo\hello_world_demo.c ****     Tem = 0;
 177              		.loc 1 104 9
ARM GAS  C:\Users\SORA\AppData\Local\Temp\ccl4Gter.s 			page 6


 178 0008 0D4B     		ldr	r3, .L9
 179 000a 4FF00002 		mov	r2, #0
 180 000e 1A60     		str	r2, [r3]	@ float
 181              	.L8:
 105:d:/1/123123/Demos/hello_world_demo\hello_world_demo.c ****     while (1)
 106:d:/1/123123/Demos/hello_world_demo\hello_world_demo.c ****     {
 107:d:/1/123123/Demos/hello_world_demo\hello_world_demo.c ****         Tem = MLX90614_ReadTemp(0x00,0x07);
 182              		.loc 1 107 15 discriminator 1
 183 0010 0721     		movs	r1, #7
 184 0012 0020     		movs	r0, #0
 185 0014 FFF7FEFF 		bl	MLX90614_ReadTemp
 186 0018 F0EE407A 		vmov.f32	s15, s0
 187              		.loc 1 107 13 discriminator 1
 188 001c 084B     		ldr	r3, .L9
 189 001e C3ED007A 		vstr.32	s15, [r3]
 108:d:/1/123123/Demos/hello_world_demo\hello_world_demo.c **** 		printf("tem:%f\n",Tem);
 190              		.loc 1 108 3 discriminator 1
 191 0022 074B     		ldr	r3, .L9
 192 0024 1B68     		ldr	r3, [r3]	@ float
 193 0026 1846     		mov	r0, r3	@ float
 194 0028 FFF7FEFF 		bl	__aeabi_f2d
 195              	.LVL0:
 196 002c 0246     		mov	r2, r0
 197 002e 0B46     		mov	r3, r1
 198 0030 0448     		ldr	r0, .L9+4
 199 0032 FFF7FEFF 		bl	printf
 109:d:/1/123123/Demos/hello_world_demo\hello_world_demo.c ****         osal_task_sleep(4*1000);
 200              		.loc 1 109 9 discriminator 1
 201 0036 4FF47A60 		mov	r0, #4000
 202 003a FFF7FEFF 		bl	osal_task_sleep
 107:d:/1/123123/Demos/hello_world_demo\hello_world_demo.c **** 		printf("tem:%f\n",Tem);
 203              		.loc 1 107 13 discriminator 1
 204 003e E7E7     		b	.L8
 205              	.L10:
 206              		.align	2
 207              	.L9:
 208 0040 00000000 		.word	Tem
 209 0044 28000000 		.word	.LC3
 210              		.cfi_endproc
 211              	.LFE288:
 213              		.section	.rodata
 214              		.align	2
 215              	.LC4:
 216 0030 6D6C7839 		.ascii	"mlx90614\000"
 216      30363134 
 216      00
 217 0039 000000   		.align	2
 218              	.LC5:
 219 003c 7265706F 		.ascii	"report\000"
 219      727400
 220              		.section	.text.standard_app_demo_main,"ax",%progbits
 221              		.align	1
 222              		.global	standard_app_demo_main
 223              		.syntax unified
 224              		.thumb
 225              		.thumb_func
 226              		.fpu fpv4-sp-d16
ARM GAS  C:\Users\SORA\AppData\Local\Temp\ccl4Gter.s 			page 7


 228              	standard_app_demo_main:
 229              	.LFB289:
 110:d:/1/123123/Demos/hello_world_demo\hello_world_demo.c ****     }
 111:d:/1/123123/Demos/hello_world_demo\hello_world_demo.c **** }
 112:d:/1/123123/Demos/hello_world_demo\hello_world_demo.c **** 
 113:d:/1/123123/Demos/hello_world_demo\hello_world_demo.c **** int standard_app_demo_main()
 114:d:/1/123123/Demos/hello_world_demo\hello_world_demo.c **** {
 230              		.loc 1 114 1
 231              		.cfi_startproc
 232              		@ args = 0, pretend = 0, frame = 0
 233              		@ frame_needed = 1, uses_anonymous_args = 0
 234 0000 80B5     		push	{r7, lr}
 235              	.LCFI7:
 236              		.cfi_def_cfa_offset 8
 237              		.cfi_offset 7, -8
 238              		.cfi_offset 14, -4
 239 0002 82B0     		sub	sp, sp, #8
 240              	.LCFI8:
 241              		.cfi_def_cfa_offset 16
 242 0004 02AF     		add	r7, sp, #8
 243              	.LCFI9:
 244              		.cfi_def_cfa 7, 8
 115:d:/1/123123/Demos/hello_world_demo\hello_world_demo.c ****     osal_task_create("mlx90614",app_mlx90614_entry,NULL,0x400,NULL,3);
 245              		.loc 1 115 5
 246 0006 0323     		movs	r3, #3
 247 0008 0193     		str	r3, [sp, #4]
 248 000a 0023     		movs	r3, #0
 249 000c 0093     		str	r3, [sp]
 250 000e 4FF48063 		mov	r3, #1024
 251 0012 0022     		movs	r2, #0
 252 0014 0949     		ldr	r1, .L13
 253 0016 0A48     		ldr	r0, .L13+4
 254 0018 FFF7FEFF 		bl	osal_task_create
 116:d:/1/123123/Demos/hello_world_demo\hello_world_demo.c ****     osal_task_create("report",app_report_task_entry,NULL,0x400,NULL,2);
 255              		.loc 1 116 5
 256 001c 0223     		movs	r3, #2
 257 001e 0193     		str	r3, [sp, #4]
 258 0020 0023     		movs	r3, #0
 259 0022 0093     		str	r3, [sp]
 260 0024 4FF48063 		mov	r3, #1024
 261 0028 0022     		movs	r2, #0
 262 002a 0649     		ldr	r1, .L13+8
 263 002c 0648     		ldr	r0, .L13+12
 264 002e FFF7FEFF 		bl	osal_task_create
 117:d:/1/123123/Demos/hello_world_demo\hello_world_demo.c ****     return 0;
 265              		.loc 1 117 12
 266 0032 0023     		movs	r3, #0
 118:d:/1/123123/Demos/hello_world_demo\hello_world_demo.c **** }
 267              		.loc 1 118 1
 268 0034 1846     		mov	r0, r3
 269 0036 BD46     		mov	sp, r7
 270              	.LCFI10:
 271              		.cfi_def_cfa_register 13
 272              		@ sp needed
 273 0038 80BD     		pop	{r7, pc}
 274              	.L14:
 275 003a 00BF     		.align	2
ARM GAS  C:\Users\SORA\AppData\Local\Temp\ccl4Gter.s 			page 8


 276              	.L13:
 277 003c 00000000 		.word	app_mlx90614_entry
 278 0040 30000000 		.word	.LC4
 279 0044 00000000 		.word	app_report_task_entry
 280 0048 3C000000 		.word	.LC5
 281              		.cfi_endproc
 282              	.LFE289:
 284              		.text
 285              	.Letext0:
 286              		.file 2 "c:\\program files (x86)\\gnu tools arm embedded\\9 2019-q4-major\\arm-none-eabi\\include\
 287              		.file 3 "c:\\program files (x86)\\gnu tools arm embedded\\9 2019-q4-major\\arm-none-eabi\\include\
 288              		.file 4 "c:\\program files (x86)\\gnu tools arm embedded\\9 2019-q4-major\\arm-none-eabi\\include\
 289              		.file 5 "c:\\program files (x86)\\gnu tools arm embedded\\9 2019-q4-major\\arm-none-eabi\\include\
 290              		.file 6 "c:\\program files (x86)\\gnu tools arm embedded\\9 2019-q4-major\\lib\\gcc\\arm-none-eabi
 291              		.file 7 "c:\\program files (x86)\\gnu tools arm embedded\\9 2019-q4-major\\arm-none-eabi\\include\
 292              		.file 8 "C:/Users/SORA/.iotlink/sdk/IoT_LINK/iot_link/os/osal/osal_types.h"
 293              		.file 9 "C:/Users/SORA/.iotlink/sdk/IoT_LINK/iot_link/oc/oc_lwm2m/oc_lwm2m_al/oc_lwm2m_al.h"
 294              		.file 10 "C:/Users/SORA/.iotlink/sdk/IoT_LINK/iot_link/os/liteos/include/los_typedef.h"
 295              		.file 11 "C:/Users/SORA/.iotlink/sdk/IoT_LINK/iot_link/os/liteos/arch/arm/common/cmsis/core_cm4.h"
 296              		.file 12 "d:/1/123123/Inc/system_stm32l4xx.h"
 297              		.file 13 "d:/1/123123/Inc/stm32l431xx.h"
 298              		.file 14 "C:/Users/SORA/.iotlink/sdk/IoT_LINK/iot_link/os/liteos/include/los_config.h"
 299              		.file 15 "C:/Users/SORA/.iotlink/sdk/IoT_LINK/iot_link/os/liteos/include/los_err.h"
 300              		.file 16 "C:/Users/SORA/.iotlink/sdk/IoT_LINK/iot_link/os/liteos/arch/arm/arm-m/include/los_hwi.h"
 301              		.file 17 "C:/Users/SORA/.iotlink/sdk/IoT_LINK/drivers/third_party/ST/STM32L4xx_HAL_Driver/Inc/stm3
 302              		.file 18 "C:/Users/SORA/.iotlink/sdk/IoT_LINK/drivers/third_party/ST/STM32L4xx_HAL_Driver/Inc/stm3
 303              		.file 19 "C:/Users/SORA/.iotlink/sdk/IoT_LINK/drivers/third_party/ST/STM32L4xx_HAL_Driver/Inc/stm3
 304              		.file 20 "d:/1/123123/Inc/i2c.h"
ARM GAS  C:\Users\SORA\AppData\Local\Temp\ccl4Gter.s 			page 9


DEFINED SYMBOLS
                            *ABS*:00000000 hello_world_demo.c
                            *COM*:00000004 Tem
C:\Users\SORA\AppData\Local\Temp\ccl4Gter.s:19     .bss.s_rcv_buffer:00000000 $d
C:\Users\SORA\AppData\Local\Temp\ccl4Gter.s:22     .bss.s_rcv_buffer:00000000 s_rcv_buffer
C:\Users\SORA\AppData\Local\Temp\ccl4Gter.s:25     .bss.s_rcv_datalen:00000000 $d
C:\Users\SORA\AppData\Local\Temp\ccl4Gter.s:28     .bss.s_rcv_datalen:00000000 s_rcv_datalen
C:\Users\SORA\AppData\Local\Temp\ccl4Gter.s:31     .bss.s_rcv_sync:00000000 $d
C:\Users\SORA\AppData\Local\Temp\ccl4Gter.s:34     .bss.s_rcv_sync:00000000 s_rcv_sync
C:\Users\SORA\AppData\Local\Temp\ccl4Gter.s:37     .rodata:00000000 $d
C:\Users\SORA\AppData\Local\Temp\ccl4Gter.s:47     .text.app_report_task_entry:00000000 $t
C:\Users\SORA\AppData\Local\Temp\ccl4Gter.s:54     .text.app_report_task_entry:00000000 app_report_task_entry
C:\Users\SORA\AppData\Local\Temp\ccl4Gter.s:142    .text.app_report_task_entry:00000078 $d
C:\Users\SORA\AppData\Local\Temp\ccl4Gter.s:155    .text.app_mlx90614_entry:00000000 $t
C:\Users\SORA\AppData\Local\Temp\ccl4Gter.s:161    .text.app_mlx90614_entry:00000000 app_mlx90614_entry
C:\Users\SORA\AppData\Local\Temp\ccl4Gter.s:208    .text.app_mlx90614_entry:00000040 $d
C:\Users\SORA\AppData\Local\Temp\ccl4Gter.s:221    .text.standard_app_demo_main:00000000 $t
C:\Users\SORA\AppData\Local\Temp\ccl4Gter.s:228    .text.standard_app_demo_main:00000000 standard_app_demo_main
C:\Users\SORA\AppData\Local\Temp\ccl4Gter.s:277    .text.standard_app_demo_main:0000003c $d

UNDEFINED SYMBOLS
memset
oc_lwm2m_config
oc_lwm2m_report
osal_task_sleep
__aeabi_f2d
MX_I2C1_Init
MLX90614_ReadTemp
printf
osal_task_create
