ARM GAS  C:\Users\SORA\AppData\Local\Temp\ccj5tEOa.s 			page 1


   1              		.cpu cortex-m4
   2              		.eabi_attribute 27, 1
   3              		.eabi_attribute 28, 1
   4              		.eabi_attribute 20, 1
   5              		.eabi_attribute 21, 1
   6              		.eabi_attribute 23, 3
   7              		.eabi_attribute 24, 1
   8              		.eabi_attribute 25, 1
   9              		.eabi_attribute 26, 1
  10              		.eabi_attribute 30, 6
  11              		.eabi_attribute 34, 1
  12              		.eabi_attribute 18, 4
  13              		.file	"los_memcheck.c"
  14              		.text
  15              	.Ltext0:
  16              		.cfi_sections	.debug_frame
  17              		.global	memexc_count
  18              		.section	.bss.memexc_count,"aw",%nobits
  19              		.align	2
  22              	memexc_count:
  23 0000 00000000 		.space	4
  24              		.text
  25              	.Letext0:
  26              		.file 1 "c:\\program files (x86)\\gnu tools arm embedded\\9 2019-q4-major\\arm-none-eabi\\include\
  27              		.file 2 "c:\\program files (x86)\\gnu tools arm embedded\\9 2019-q4-major\\arm-none-eabi\\include\
  28              		.file 3 "c:\\program files (x86)\\gnu tools arm embedded\\9 2019-q4-major\\arm-none-eabi\\include\
  29              		.file 4 "c:\\program files (x86)\\gnu tools arm embedded\\9 2019-q4-major\\lib\\gcc\\arm-none-eabi
  30              		.file 5 "c:\\program files (x86)\\gnu tools arm embedded\\9 2019-q4-major\\arm-none-eabi\\include\
  31              		.file 6 "C:/Users/SORA/.iotlink/sdk/IoT_LINK/iot_link/os/liteos/include/los_typedef.h"
  32              		.file 7 "c:\\program files (x86)\\gnu tools arm embedded\\9 2019-q4-major\\arm-none-eabi\\include\
  33              		.file 8 "C:/Users/SORA/.iotlink/sdk/IoT_LINK/iot_link/os/liteos/arch/arm/common/cmsis/core_cm4.h"
  34              		.file 9 "d:/1/123123/Inc/system_stm32l4xx.h"
  35              		.file 10 "C:/Users/SORA/.iotlink/sdk/IoT_LINK/iot_link/os/liteos/arch/arm/arm-m/include/los_hwi.h"
  36              		.file 11 "C:/Users/SORA/.iotlink/sdk/IoT_LINK/iot_link/os/liteos/include/los_config.h"
  37              		.file 12 "C:/Users/SORA/.iotlink/sdk/IoT_LINK/iot_link/os/liteos/include/los_err.h"
  38              		.file 13 "C:/Users/SORA/.iotlink/sdk/IoT_LINK/iot_link/os/liteos/include/los_memcheck.h"
  39              		.file 14 "C:/Users/SORA/.iotlink/sdk/IoT_LINK/iot_link/os/liteos/include/los_memory.h"
  40              		.file 15 "C:/Users/SORA/.iotlink/sdk/IoT_LINK/iot_link/os/liteos/base/mem/common/los_memcheck.c"
ARM GAS  C:\Users\SORA\AppData\Local\Temp\ccj5tEOa.s 			page 2


DEFINED SYMBOLS
                            *ABS*:00000000 los_memcheck.c
C:\Users\SORA\AppData\Local\Temp\ccj5tEOa.s:22     .bss.memexc_count:00000000 memexc_count
C:\Users\SORA\AppData\Local\Temp\ccj5tEOa.s:19     .bss.memexc_count:00000000 $d

NO UNDEFINED SYMBOLS
