ARM GAS  C:\Users\SORA\AppData\Local\Temp\ccRo8nM7.s 			page 1


   1              		.cpu cortex-m4
   2              		.eabi_attribute 27, 1
   3              		.eabi_attribute 28, 1
   4              		.eabi_attribute 20, 1
   5              		.eabi_attribute 21, 1
   6              		.eabi_attribute 23, 3
   7              		.eabi_attribute 24, 1
   8              		.eabi_attribute 25, 1
   9              		.eabi_attribute 26, 1
  10              		.eabi_attribute 30, 6
  11              		.eabi_attribute 34, 1
  12              		.eabi_attribute 18, 4
  13              		.file	"hal_iwdg.c"
  14              		.text
  15              	.Ltext0:
  16              		.cfi_sections	.debug_frame
  17              	.Letext0:
  18              		.file 1 "c:\\program files (x86)\\gnu tools arm embedded\\9 2019-q4-major\\arm-none-eabi\\include\
  19              		.file 2 "c:\\program files (x86)\\gnu tools arm embedded\\9 2019-q4-major\\arm-none-eabi\\include\
  20              		.file 3 "C:/Users/SORA/.iotlink/sdk/IoT_LINK/iot_link/os/liteos/arch/arm/common/cmsis/core_cm4.h"
  21              		.file 4 "d:/1/123123/Inc/system_stm32l4xx.h"
  22              		.file 5 "c:\\program files (x86)\\gnu tools arm embedded\\9 2019-q4-major\\arm-none-eabi\\include\
  23              		.file 6 "c:\\program files (x86)\\gnu tools arm embedded\\9 2019-q4-major\\arm-none-eabi\\include\
  24              		.file 7 "c:\\program files (x86)\\gnu tools arm embedded\\9 2019-q4-major\\lib\\gcc\\arm-none-eabi
  25              		.file 8 "c:\\program files (x86)\\gnu tools arm embedded\\9 2019-q4-major\\arm-none-eabi\\include\
  26              		.file 9 "C:/Users/SORA/.iotlink/sdk/IoT_LINK/iot_link/os/liteos/include/los_typedef.h"
  27              		.file 10 "C:/Users/SORA/.iotlink/sdk/IoT_LINK/iot_link/os/liteos/include/los_config.h"
  28              		.file 11 "C:/Users/SORA/.iotlink/sdk/IoT_LINK/iot_link/os/liteos/include/los_err.h"
  29              		.file 12 "C:/Users/SORA/.iotlink/sdk/IoT_LINK/iot_link/os/liteos/arch/arm/arm-m/include/los_hwi.h"
ARM GAS  C:\Users\SORA\AppData\Local\Temp\ccRo8nM7.s 			page 2


DEFINED SYMBOLS
                            *ABS*:00000000 hal_iwdg.c

NO UNDEFINED SYMBOLS
